{"@timestamp": "2026-02-23T17:57:35.892137", "user_id": "SJ_00227", "user": "성정남", "department": "인큐베이팅팀", "action": "process_started", "device_id": "WS-SJ_00227", "process_name": "cmd.exe"}
{"@timestamp": "2026-02-23T17:57:35.892137", "user_id": "SJ_00762", "user": "주미영", "department": "데이터사이언스팀", "action": "process_started", "device_id": "WS-SJ_00762", "process_name": "cmd.exe"}
{"@timestamp": "2026-02-23T17:57:35.892137", "user_id": "SJ_00554", "user": "허선영", "department": "B2B영업팀", "action": "process_started", "device_id": "WS-SJ_00554", "process_name": "cmd.exe"}
{"@timestamp": "2026-02-23T17:57:35.892137", "user_id": "SJ_02104", "user": "김재호", "department": "퍼포먼스팀", "action": "process_started", "device_id": "WS-SJ_02104", "process_name": "cmd.exe"}
{"@timestamp": "2026-02-23T17:57:35.892137", "user_id": "SJ_02418", "user": "장명자", "department": "바이럴팀", "action": "process_started", "device_id": "WS-SJ_02418", "process_name": "cmd.exe"}
{"@timestamp": "2026-02-23T17:57:40.897918", "user_id": "SJ_00167", "user": "오수진", "department": "보안솔루션팀", "action": "process_started", "device_id": "WS-SJ_00167", "process_name": "cmd.exe"}
{"@timestamp": "2026-02-23T17:57:40.897918", "user_id": "SJ_02618", "user": "강춘자", "department": "B2C영업팀", "action": "process_started", "device_id": "WS-SJ_02618", "process_name": "cmd.exe"}
{"@timestamp": "2026-02-23T17:57:40.897918", "user_id": "SJ_00940", "user": "장하은", "department": "해외영업팀", "action": "process_started", "device_id": "WS-SJ_00940", "process_name": "cmd.exe"}
{"@timestamp": "2026-02-23T17:57:40.897918", "user_id": "SJ_00782", "user": "서정호", "department": "프론트엔드팀", "action": "process_started", "device_id": "WS-SJ_00782", "process_name": "cmd.exe"}
{"@timestamp": "2026-02-23T17:57:40.897918", "user_id": "SJ_02719", "user": "홍채원", "department": "해외영업팀", "action": "process_started", "device_id": "WS-SJ_02719", "process_name": "cmd.exe"}
{"@timestamp": "2026-02-23T17:57:45.902071", "user_id": "SJ_01008", "user": "박준영", "department": "서비스운영팀", "action": "process_started", "device_id": "WS-SJ_01008", "process_name": "cmd.exe"}
{"@timestamp": "2026-02-23T17:57:45.902071", "user_id": "SJ_01547", "user": "양지연", "department": "데브섹옵스팀", "action": "process_started", "device_id": "WS-SJ_01547", "process_name": "cmd.exe"}
{"@timestamp": "2026-02-23T17:57:45.902071", "user_id": "SJ_01206", "user": "한혜진", "department": "AI서비스팀", "action": "process_started", "device_id": "WS-SJ_01206", "process_name": "cmd.exe"}
{"@timestamp": "2026-02-23T17:57:45.902071", "user_id": "SJ_00205", "user": "문정식", "department": "법무팀", "action": "process_started", "device_id": "WS-SJ_00205", "process_name": "cmd.exe"}
{"@timestamp": "2026-02-23T17:57:45.902071", "user_id": "SJ_02047", "user": "김현숙", "department": "멀티클라우드팀", "action": "process_started", "device_id": "WS-SJ_02047", "process_name": "cmd.exe"}
{"@timestamp": "2026-02-23T17:57:50.907849", "user_id": "SJ_01504", "user": "최현우", "department": "콘텐츠마케팅팀", "action": "process_started", "device_id": "WS-SJ_01504", "process_name": "cmd.exe"}
{"@timestamp": "2026-02-23T17:57:50.907849", "user_id": "SJ_01402", "user": "임현준", "department": "총무팀", "action": "process_started", "device_id": "WS-SJ_01402", "process_name": "cmd.exe"}
{"@timestamp": "2026-02-23T17:57:50.907849", "user_id": "SJ_02911", "user": "홍수민", "department": "UI디자인팀", "action": "process_started", "device_id": "WS-SJ_02911", "process_name": "cmd.exe"}
{"@timestamp": "2026-02-23T17:57:50.907849", "user_id": "SJ_02240", "user": "이수진", "department": "국내영업팀", "action": "process_started", "device_id": "WS-SJ_02240", "process_name": "cmd.exe"}
{"@timestamp": "2026-02-23T17:57:50.907849", "user_id": "SJ_01383", "user": "김지연", "department": "SIEM운영팀", "action": "malware_detected", "device_id": "WS-SJ_01383", "process_name": "cmd.exe"}
{"@timestamp": "2026-02-23T17:57:55.913241", "user_id": "SJ_00022", "user": "한숙자", "department": "조달팀", "action": "process_started", "device_id": "WS-SJ_00022", "process_name": "cmd.exe"}
{"@timestamp": "2026-02-23T17:57:55.913241", "user_id": "SJ_01924", "user": "문민수", "department": "MS Azure팀", "action": "process_started", "device_id": "WS-SJ_01924", "process_name": "cmd.exe"}
{"@timestamp": "2026-02-23T17:57:55.913241", "user_id": "SJ_02214", "user": "민상호", "department": "서비스매니저팀", "action": "process_started", "device_id": "WS-SJ_02214", "process_name": "cmd.exe"}
{"@timestamp": "2026-02-23T17:57:55.913241", "user_id": "SJ_01457", "user": "양동현", "department": "신기술개발팀", "action": "process_started", "device_id": "WS-SJ_01457", "process_name": "cmd.exe"}
{"@timestamp": "2026-02-23T17:57:55.913241", "user_id": "SJ_00764", "user": "노민석", "department": "홍보팀", "action": "process_started", "device_id": "WS-SJ_00764", "process_name": "cmd.exe"}
{"@timestamp": "2026-02-23T17:58:00.920554", "user_id": "SJ_01198", "user": "심수민", "department": "정보보호팀", "action": "process_started", "device_id": "WS-SJ_01198", "process_name": "cmd.exe"}
{"@timestamp": "2026-02-23T17:58:00.920554", "user_id": "SJ_01188", "user": "임지현", "department": "클라우드기획팀", "action": "process_started", "device_id": "WS-SJ_01188", "process_name": "cmd.exe"}
{"@timestamp": "2026-02-23T17:58:00.920554", "user_id": "SJ_01586", "user": "우서준", "department": "프로젝트관리팀", "action": "process_started", "device_id": "WS-SJ_01586", "process_name": "cmd.exe"}
{"@timestamp": "2026-02-23T17:58:00.920554", "user_id": "SJ_00328", "user": "오준영", "department": "데브섹옵스팀", "action": "process_started", "device_id": "WS-SJ_00328", "process_name": "cmd.exe"}
{"@timestamp": "2026-02-23T17:58:00.920554", "user_id": "SJ_02459", "user": "진영식", "department": "B2C영업팀", "action": "process_started", "device_id": "WS-SJ_02459", "process_name": "cmd.exe"}
{"@timestamp": "2026-02-23T17:58:05.926505", "user_id": "SJ_01301", "user": "송은서", "department": "B2B영업팀", "action": "process_started", "device_id": "WS-SJ_01301", "process_name": "cmd.exe"}
{"@timestamp": "2026-02-23T17:58:05.926505", "user_id": "SJ_01468", "user": "엄현준", "department": "기술문서팀", "action": "process_started", "device_id": "WS-SJ_01468", "process_name": "cmd.exe"}
{"@timestamp": "2026-02-23T17:58:05.926505", "user_id": "SJ_00099", "user": "나재호", "department": "고객사관리팀", "action": "process_started", "device_id": "WS-SJ_00099", "process_name": "cmd.exe"}
{"@timestamp": "2026-02-23T17:58:05.926505", "user_id": "SJ_01692", "user": "권윤서", "department": "대응팀", "action": "process_started", "device_id": "WS-SJ_01692", "process_name": "cmd.exe"}
{"@timestamp": "2026-02-23T17:58:05.926505", "user_id": "SJ_02798", "user": "노민준", "department": "경영기획팀", "action": "process_started", "device_id": "WS-SJ_02798", "process_name": "cmd.exe"}
{"@timestamp": "2026-02-23T17:58:10.927459", "user_id": "SJ_00096", "user": "송경희", "department": "바이럴팀", "action": "malware_detected", "device_id": "WS-SJ_00096", "process_name": "cmd.exe"}
{"@timestamp": "2026-02-23T17:58:10.927459", "user_id": "SJ_02049", "user": "배종수", "department": "기술지원팀", "action": "process_started", "device_id": "WS-SJ_02049", "process_name": "cmd.exe"}
{"@timestamp": "2026-02-23T17:58:10.927459", "user_id": "SJ_01211", "user": "노민재", "department": "기술지원팀", "action": "process_started", "device_id": "WS-SJ_01211", "process_name": "cmd.exe"}
{"@timestamp": "2026-02-23T17:58:10.927459", "user_id": "SJ_02385", "user": "최정식", "department": "원격지원팀", "action": "process_started", "device_id": "WS-SJ_02385", "process_name": "cmd.exe"}
{"@timestamp": "2026-02-23T17:58:10.927459", "user_id": "SJ_00438", "user": "진준호", "department": "홍보팀", "action": "process_started", "device_id": "WS-SJ_00438", "process_name": "cmd.exe"}
{"@timestamp": "2026-02-23T17:58:15.933257", "user_id": "SJ_01709", "user": "장성진", "department": "시장조사팀", "action": "process_started", "device_id": "WS-SJ_01709", "process_name": "cmd.exe"}
{"@timestamp": "2026-02-23T17:58:15.933257", "user_id": "SJ_01346", "user": "민춘자", "department": "R&D기획팀", "action": "process_started", "device_id": "WS-SJ_01346", "process_name": "cmd.exe"}
{"@timestamp": "2026-02-23T17:58:15.933257", "user_id": "SJ_02171", "user": "한춘자", "department": "SIEM운영팀", "action": "process_started", "device_id": "WS-SJ_02171", "process_name": "cmd.exe"}
{"@timestamp": "2026-02-23T17:58:15.933257", "user_id": "SJ_02197", "user": "엄정희", "department": "CRM팀", "action": "process_started", "device_id": "WS-SJ_02197", "process_name": "cmd.exe"}
{"@timestamp": "2026-02-23T17:58:15.933257", "user_id": "SJ_00740", "user": "황진우", "department": "홍보팀", "action": "process_started", "device_id": "WS-SJ_00740", "process_name": "cmd.exe"}
{"@timestamp": "2026-02-23T17:58:20.938350", "user_id": "SJ_00365", "user": "김성훈", "department": "인프라보안팀", "action": "process_started", "device_id": "WS-SJ_00365", "process_name": "cmd.exe"}
{"@timestamp": "2026-02-23T17:58:20.938350", "user_id": "SJ_02343", "user": "권혜진", "department": "테스트랩", "action": "process_started", "device_id": "WS-SJ_02343", "process_name": "cmd.exe"}
{"@timestamp": "2026-02-23T17:58:20.938350", "user_id": "SJ_00699", "user": "강경수", "department": "인사팀", "action": "process_started", "device_id": "WS-SJ_00699", "process_name": "cmd.exe"}
{"@timestamp": "2026-02-23T17:58:20.938350", "user_id": "SJ_02037", "user": "구지훈", "department": "음성인식팀", "action": "process_started", "device_id": "WS-SJ_02037", "process_name": "cmd.exe"}
{"@timestamp": "2026-02-23T17:58:20.938350", "user_id": "SJ_00044", "user": "임경희", "department": "플랫폼개발팀", "action": "process_started", "device_id": "WS-SJ_00044", "process_name": "cmd.exe"}
{"@timestamp": "2026-02-23T17:58:25.943910", "user_id": "SJ_01718", "user": "권현우", "department": "고객사관리팀", "action": "process_started", "device_id": "WS-SJ_01718", "process_name": "cmd.exe"}
{"@timestamp": "2026-02-23T17:58:25.943910", "user_id": "SJ_02971", "user": "최도윤", "department": "플랫폼개발팀", "action": "process_started", "device_id": "WS-SJ_02971", "process_name": "cmd.exe"}
{"@timestamp": "2026-02-23T17:58:25.943910", "user_id": "SJ_01860", "user": "남정웅", "department": "마켓인사이트팀", "action": "process_started", "device_id": "WS-SJ_01860", "process_name": "cmd.exe"}
{"@timestamp": "2026-02-23T17:58:25.943910", "user_id": "SJ_02977", "user": "임민재", "department": "ML팀", "action": "process_started", "device_id": "WS-SJ_02977", "process_name": "cmd.exe"}
{"@timestamp": "2026-02-23T17:58:25.943910", "user_id": "SJ_01878", "user": "민지원", "department": "SIEM운영팀", "action": "process_started", "device_id": "WS-SJ_01878", "process_name": "cmd.exe"}
{"@timestamp": "2026-02-23T17:58:31.576491", "user_id": "SJ_02503", "user": "우순자", "department": "특허관리팀", "action": "process_started", "device_id": "WS-SJ_02503", "process_name": "cmd.exe"}
{"@timestamp": "2026-02-23T17:58:31.576491", "user_id": "SJ_01972", "user": "임영숙", "department": "프론트엔드팀", "action": "process_started", "device_id": "WS-SJ_01972", "process_name": "cmd.exe"}
{"@timestamp": "2026-02-23T17:58:31.576491", "user_id": "SJ_02436", "user": "황종수", "department": "서비스전략팀", "action": "process_started", "device_id": "WS-SJ_02436", "process_name": "cmd.exe"}
{"@timestamp": "2026-02-23T17:58:31.576491", "user_id": "SJ_02801", "user": "박예진", "department": "클라우드보안팀", "action": "process_started", "device_id": "WS-SJ_02801", "process_name": "cmd.exe"}
{"@timestamp": "2026-02-23T17:58:31.576491", "user_id": "SJ_02683", "user": "유영길", "department": "신사업기획팀", "action": "process_started", "device_id": "WS-SJ_02683", "process_name": "cmd.exe"}
{"@timestamp": "2026-02-23T17:58:36.577569", "user_id": "SJ_01586", "user": "우서준", "department": "프로젝트관리팀", "action": "process_started", "device_id": "WS-SJ_01586", "process_name": "cmd.exe"}
{"@timestamp": "2026-02-23T17:58:36.577569", "user_id": "SJ_01199", "user": "윤명자", "department": "바이럴팀", "action": "process_started", "device_id": "WS-SJ_01199", "process_name": "cmd.exe"}
{"@timestamp": "2026-02-23T17:58:36.577569", "user_id": "SJ_01405", "user": "오지훈", "department": "서비스운영팀", "action": "process_started", "device_id": "WS-SJ_01405", "process_name": "cmd.exe"}
{"@timestamp": "2026-02-23T17:58:36.577569", "user_id": "SJ_02641", "user": "나은주", "department": "보안솔루션팀", "action": "process_started", "device_id": "WS-SJ_02641", "process_name": "cmd.exe"}
{"@timestamp": "2026-02-23T17:58:36.577569", "user_id": "SJ_00280", "user": "서광수", "department": "UI디자인팀", "action": "process_started", "device_id": "WS-SJ_00280", "process_name": "cmd.exe"}
{"@timestamp": "2026-02-23T17:58:41.582979", "user_id": "SJ_00055", "user": "문중수", "department": "헬프데스크", "action": "process_started", "device_id": "WS-SJ_00055", "process_name": "cmd.exe"}
{"@timestamp": "2026-02-23T17:58:41.582979", "user_id": "SJ_00388", "user": "노영자", "department": "하드웨어팀", "action": "process_started", "device_id": "WS-SJ_00388", "process_name": "cmd.exe"}
{"@timestamp": "2026-02-23T17:58:41.582979", "user_id": "SJ_01286", "user": "장서영", "department": "API개발팀", "action": "process_started", "device_id": "WS-SJ_01286", "process_name": "cmd.exe"}
{"@timestamp": "2026-02-23T17:58:41.582979", "user_id": "SJ_00010", "user": "곽미숙", "department": "국내영업팀", "action": "process_started", "device_id": "WS-SJ_00010", "process_name": "cmd.exe"}
{"@timestamp": "2026-02-23T17:58:41.582979", "user_id": "SJ_02009", "user": "한민지", "department": "SW개발팀", "action": "process_started", "device_id": "WS-SJ_02009", "process_name": "cmd.exe"}
{"@timestamp": "2026-02-23T17:58:46.588792", "user_id": "SJ_01918", "user": "지영자", "department": "AWS운영팀", "action": "process_started", "device_id": "WS-SJ_01918", "process_name": "cmd.exe"}
{"@timestamp": "2026-02-23T17:58:46.588792", "user_id": "SJ_00353", "user": "김영미", "department": "광고기획팀", "action": "process_started", "device_id": "WS-SJ_00353", "process_name": "cmd.exe"}
{"@timestamp": "2026-02-23T17:58:46.588792", "user_id": "SJ_00047", "user": "안순자", "department": "테크리더팀", "action": "process_started", "device_id": "WS-SJ_00047", "process_name": "cmd.exe"}
{"@timestamp": "2026-02-23T17:58:46.588792", "user_id": "SJ_01008", "user": "박준영", "department": "서비스운영팀", "action": "process_started", "device_id": "WS-SJ_01008", "process_name": "cmd.exe"}
{"@timestamp": "2026-02-23T17:58:46.588792", "user_id": "SJ_02172", "user": "유현우", "department": "펌웨어팀", "action": "process_started", "device_id": "WS-SJ_02172", "process_name": "cmd.exe"}
{"@timestamp": "2026-02-23T17:58:51.594615", "user_id": "SJ_01333", "user": "홍정자", "department": "하이브리드클라우드팀", "action": "process_started", "device_id": "WS-SJ_01333", "process_name": "cmd.exe"}
{"@timestamp": "2026-02-23T17:58:51.594615", "user_id": "SJ_01972", "user": "임영숙", "department": "프론트엔드팀", "action": "process_started", "device_id": "WS-SJ_01972", "process_name": "cmd.exe"}
{"@timestamp": "2026-02-23T17:58:51.594615", "user_id": "SJ_01406", "user": "강경희", "department": "AWS운영팀", "action": "process_started", "device_id": "WS-SJ_01406", "process_name": "cmd.exe"}
{"@timestamp": "2026-02-23T17:58:51.594615", "user_id": "SJ_02451", "user": "권상철", "department": "리셀러지원팀", "action": "process_started", "device_id": "WS-SJ_02451", "process_name": "cmd.exe"}
{"@timestamp": "2026-02-23T17:58:51.594615", "user_id": "SJ_01439", "user": "류주원", "department": "브랜드팀", "action": "process_started", "device_id": "WS-SJ_01439", "process_name": "cmd.exe"}
{"@timestamp": "2026-02-23T17:58:56.598952", "user_id": "SJ_00664", "user": "정지민", "department": "대응팀", "action": "process_started", "device_id": "WS-SJ_00664", "process_name": "cmd.exe"}
{"@timestamp": "2026-02-23T17:58:56.598952", "user_id": "SJ_02068", "user": "정예지", "department": "B2B영업팀", "action": "process_started", "device_id": "WS-SJ_02068", "process_name": "cmd.exe"}
{"@timestamp": "2026-02-23T17:58:56.598952", "user_id": "SJ_02722", "user": "박도윤", "department": "경영기획팀", "action": "process_started", "device_id": "WS-SJ_02722", "process_name": "cmd.exe"}
{"@timestamp": "2026-02-23T17:58:56.598952", "user_id": "SJ_02361", "user": "서중수", "department": "바이럴팀", "action": "process_started", "device_id": "WS-SJ_02361", "process_name": "cmd.exe"}
{"@timestamp": "2026-02-23T17:58:56.598952", "user_id": "SJ_00227", "user": "성정남", "department": "인큐베이팅팀", "action": "process_started", "device_id": "WS-SJ_00227", "process_name": "cmd.exe"}
{"@timestamp": "2026-02-23T17:59:01.605150", "user_id": "SJ_00911", "user": "이성훈", "department": "QA팀", "action": "process_started", "device_id": "WS-SJ_00911", "process_name": "cmd.exe"}
{"@timestamp": "2026-02-23T17:59:01.605150", "user_id": "SJ_00964", "user": "권광수", "department": "신기술개발팀", "action": "process_started", "device_id": "WS-SJ_00964", "process_name": "cmd.exe"}
{"@timestamp": "2026-02-23T17:59:01.605150", "user_id": "SJ_02599", "user": "김정훈", "department": "대응팀", "action": "process_started", "device_id": "WS-SJ_02599", "process_name": "cmd.exe"}
{"@timestamp": "2026-02-23T17:59:01.605150", "user_id": "SJ_01726", "user": "권상훈", "department": "Kubernetes팀", "action": "process_started", "device_id": "WS-SJ_01726", "process_name": "cmd.exe"}
{"@timestamp": "2026-02-23T17:59:01.605150", "user_id": "SJ_01753", "user": "양서현", "department": "CRM팀", "action": "process_started", "device_id": "WS-SJ_01753", "process_name": "cmd.exe"}
{"@timestamp": "2026-02-23T17:59:06.611319", "user_id": "SJ_00968", "user": "고상호", "department": "조달팀", "action": "process_started", "device_id": "WS-SJ_00968", "process_name": "cmd.exe"}
{"@timestamp": "2026-02-23T17:59:06.611319", "user_id": "SJ_01504", "user": "최현우", "department": "콘텐츠마케팅팀", "action": "process_started", "device_id": "WS-SJ_01504", "process_name": "cmd.exe"}
{"@timestamp": "2026-02-23T17:59:06.611319", "user_id": "SJ_00492", "user": "윤하은", "department": "어플리케이션보안팀", "action": "process_started", "device_id": "WS-SJ_00492", "process_name": "cmd.exe"}
{"@timestamp": "2026-02-23T17:59:06.611319", "user_id": "SJ_01397", "user": "전지우", "department": "퍼포먼스팀", "action": "process_started", "device_id": "WS-SJ_01397", "process_name": "cmd.exe"}
{"@timestamp": "2026-02-23T17:59:06.611319", "user_id": "SJ_01432", "user": "박은서", "department": "B2C영업팀", "action": "process_started", "device_id": "WS-SJ_01432", "process_name": "cmd.exe"}
{"@timestamp": "2026-02-23T17:59:11.614575", "user_id": "SJ_00749", "user": "이미영", "department": "채널영업팀", "action": "process_started", "device_id": "WS-SJ_00749", "process_name": "cmd.exe"}
{"@timestamp": "2026-02-23T17:59:11.614575", "user_id": "SJ_01723", "user": "송민재", "department": "클라우드보안팀", "action": "process_started", "device_id": "WS-SJ_01723", "process_name": "cmd.exe"}
{"@timestamp": "2026-02-23T17:59:11.614575", "user_id": "SJ_00050", "user": "장예진", "department": "AWS운영팀", "action": "process_started", "device_id": "WS-SJ_00050", "process_name": "cmd.exe"}
{"@timestamp": "2026-02-23T17:59:11.614575", "user_id": "SJ_02192", "user": "최우진", "department": "국내영업팀", "action": "process_started", "device_id": "WS-SJ_02192", "process_name": "cmd.exe"}
{"@timestamp": "2026-02-23T17:59:11.614575", "user_id": "SJ_02115", "user": "안영수", "department": "보안기획팀", "action": "process_started", "device_id": "WS-SJ_02115", "process_name": "cmd.exe"}
{"@timestamp": "2026-02-23T17:59:16.617805", "user_id": "SJ_01273", "user": "곽예지", "department": "총무팀", "action": "malware_detected", "device_id": "WS-SJ_01273", "process_name": "cmd.exe"}
{"@timestamp": "2026-02-23T17:59:16.617805", "user_id": "SJ_01657", "user": "한순자", "department": "프론트엔드팀", "action": "process_started", "device_id": "WS-SJ_01657", "process_name": "cmd.exe"}
{"@timestamp": "2026-02-23T17:59:16.617805", "user_id": "SJ_01421", "user": "송보람", "department": "QA팀", "action": "process_started", "device_id": "WS-SJ_01421", "process_name": "cmd.exe"}
{"@timestamp": "2026-02-23T17:59:16.617805", "user_id": "SJ_02725", "user": "이현우", "department": "플랫폼개발팀", "action": "process_started", "device_id": "WS-SJ_02725", "process_name": "cmd.exe"}
{"@timestamp": "2026-02-23T17:59:16.617805", "user_id": "SJ_00204", "user": "오서현", "department": "인사팀", "action": "process_started", "device_id": "WS-SJ_00204", "process_name": "cmd.exe"}
{"@timestamp": "2026-02-23T17:59:21.623583", "user_id": "SJ_02402", "user": "안은서", "department": "AI리서치팀", "action": "process_started", "device_id": "WS-SJ_02402", "process_name": "cmd.exe"}
{"@timestamp": "2026-02-23T17:59:21.623583", "user_id": "SJ_01172", "user": "문진호", "department": "국내영업팀", "action": "process_started", "device_id": "WS-SJ_01172", "process_name": "cmd.exe"}
{"@timestamp": "2026-02-23T17:59:21.623583", "user_id": "SJ_00025", "user": "홍윤서", "department": "AWS운영팀", "action": "process_started", "device_id": "WS-SJ_00025", "process_name": "cmd.exe"}
{"@timestamp": "2026-02-23T17:59:21.623583", "user_id": "SJ_02400", "user": "최상호", "department": "서비스운영팀", "action": "process_started", "device_id": "WS-SJ_02400", "process_name": "cmd.exe"}
{"@timestamp": "2026-02-23T17:59:21.623583", "user_id": "SJ_01133", "user": "안미영", "department": "클라우드플랫폼팀", "action": "process_started", "device_id": "WS-SJ_01133", "process_name": "cmd.exe"}
{"@timestamp": "2026-02-23T17:59:26.628040", "user_id": "SJ_01325", "user": "오재현", "department": "서비스매니저팀", "action": "process_started", "device_id": "WS-SJ_01325", "process_name": "cmd.exe"}
{"@timestamp": "2026-02-23T17:59:26.628040", "user_id": "SJ_00564", "user": "박중수", "department": "DevOps팀", "action": "process_started", "device_id": "WS-SJ_00564", "process_name": "cmd.exe"}
{"@timestamp": "2026-02-23T17:59:26.628040", "user_id": "SJ_00340", "user": "지윤서", "department": "음성인식팀", "action": "process_started", "device_id": "WS-SJ_00340", "process_name": "cmd.exe"}
{"@timestamp": "2026-02-23T17:59:26.628040", "user_id": "SJ_00036", "user": "지건우", "department": "고객사관리팀", "action": "process_started", "device_id": "WS-SJ_00036", "process_name": "cmd.exe"}
{"@timestamp": "2026-02-23T17:59:26.628040", "user_id": "SJ_00744", "user": "이명숙", "department": "리셀러지원팀", "action": "process_started", "device_id": "WS-SJ_00744", "process_name": "cmd.exe"}
{"@timestamp": "2026-02-23T17:59:31.635177", "user_id": "SJ_02971", "user": "최도윤", "department": "플랫폼개발팀", "action": "malware_detected", "device_id": "WS-SJ_02971", "process_name": "cmd.exe"}
{"@timestamp": "2026-02-23T17:59:31.635177", "user_id": "SJ_00014", "user": "박동현", "department": "특허관리팀", "action": "process_started", "device_id": "WS-SJ_00014", "process_name": "cmd.exe"}
{"@timestamp": "2026-02-23T17:59:31.635177", "user_id": "SJ_00009", "user": "서미정", "department": "AI플랫폼팀", "action": "process_started", "device_id": "WS-SJ_00009", "process_name": "cmd.exe"}
{"@timestamp": "2026-02-23T17:59:31.635177", "user_id": "SJ_00707", "user": "주정웅", "department": "AI서비스팀", "action": "process_started", "device_id": "WS-SJ_00707", "process_name": "cmd.exe"}
{"@timestamp": "2026-02-23T17:59:31.635177", "user_id": "SJ_00931", "user": "송정남", "department": "B2B영업팀", "action": "process_started", "device_id": "WS-SJ_00931", "process_name": "cmd.exe"}
{"@timestamp": "2026-02-23T17:59:36.644704", "user_id": "SJ_01815", "user": "송아름", "department": "SNS운영팀", "action": "process_started", "device_id": "WS-SJ_01815", "process_name": "cmd.exe"}
{"@timestamp": "2026-02-23T17:59:36.644704", "user_id": "SJ_01043", "user": "문지혜", "department": "CRM팀", "action": "process_started", "device_id": "WS-SJ_01043", "process_name": "cmd.exe"}
{"@timestamp": "2026-02-23T17:59:36.644704", "user_id": "SJ_01478", "user": "곽성진", "department": "테크리더팀", "action": "process_started", "device_id": "WS-SJ_01478", "process_name": "cmd.exe"}
{"@timestamp": "2026-02-23T17:59:36.644704", "user_id": "SJ_01233", "user": "최민재", "department": "프로덕트오너팀", "action": "process_started", "device_id": "WS-SJ_01233", "process_name": "cmd.exe"}
{"@timestamp": "2026-02-23T17:59:36.644704", "user_id": "SJ_01260", "user": "허정남", "department": "시장조사팀", "action": "process_started", "device_id": "WS-SJ_01260", "process_name": "cmd.exe"}
{"@timestamp": "2026-02-23T17:59:41.653038", "user_id": "SJ_02343", "user": "권혜진", "department": "테스트랩", "action": "process_started", "device_id": "WS-SJ_02343", "process_name": "cmd.exe"}
{"@timestamp": "2026-02-23T17:59:41.653038", "user_id": "SJ_02974", "user": "진서영", "department": "프리세일즈팀", "action": "process_started", "device_id": "WS-SJ_02974", "process_name": "cmd.exe"}
{"@timestamp": "2026-02-23T17:59:41.653038", "user_id": "SJ_02392", "user": "오현우", "department": "B2B영업팀", "action": "process_started", "device_id": "WS-SJ_02392", "process_name": "cmd.exe"}
{"@timestamp": "2026-02-23T17:59:41.653038", "user_id": "SJ_01572", "user": "서지연", "department": "콘텐츠마케팅팀", "action": "process_started", "device_id": "WS-SJ_01572", "process_name": "cmd.exe"}
{"@timestamp": "2026-02-23T17:59:41.653038", "user_id": "SJ_01945", "user": "한시우", "department": "UX리서치팀", "action": "malware_detected", "device_id": "WS-SJ_01945", "process_name": "cmd.exe"}
{"@timestamp": "2026-02-23T17:59:46.661268", "user_id": "SJ_00814", "user": "우지아", "department": "SW개발팀", "action": "malware_detected", "device_id": "WS-SJ_00814", "process_name": "cmd.exe"}
{"@timestamp": "2026-02-23T17:59:46.661268", "user_id": "SJ_01424", "user": "허지영", "department": "시장조사팀", "action": "process_started", "device_id": "WS-SJ_01424", "process_name": "cmd.exe"}
{"@timestamp": "2026-02-23T17:59:46.661268", "user_id": "SJ_00224", "user": "윤숙자", "department": "정보보호팀", "action": "process_started", "device_id": "WS-SJ_00224", "process_name": "cmd.exe"}
{"@timestamp": "2026-02-23T17:59:46.661268", "user_id": "SJ_02140", "user": "윤서연", "department": "모의해킹팀", "action": "process_started", "device_id": "WS-SJ_02140", "process_name": "cmd.exe"}
{"@timestamp": "2026-02-23T17:59:46.661268", "user_id": "SJ_02420", "user": "백미경", "department": "어플리케이션보안팀", "action": "process_started", "device_id": "WS-SJ_02420", "process_name": "cmd.exe"}
{"@timestamp": "2026-02-23T17:59:51.667838", "user_id": "SJ_01981", "user": "손은영", "department": "고객사관리팀", "action": "process_started", "device_id": "WS-SJ_01981", "process_name": "cmd.exe"}
{"@timestamp": "2026-02-23T17:59:51.667838", "user_id": "SJ_02903", "user": "고병철", "department": "조달팀", "action": "process_started", "device_id": "WS-SJ_02903", "process_name": "cmd.exe"}
{"@timestamp": "2026-02-23T17:59:51.667838", "user_id": "SJ_01733", "user": "노영호", "department": "총무팀", "action": "process_started", "device_id": "WS-SJ_01733", "process_name": "cmd.exe"}
{"@timestamp": "2026-02-23T17:59:51.667838", "user_id": "SJ_01478", "user": "곽성진", "department": "테크리더팀", "action": "process_started", "device_id": "WS-SJ_01478", "process_name": "cmd.exe"}
{"@timestamp": "2026-02-23T17:59:51.667838", "user_id": "SJ_01911", "user": "안성수", "department": "백엔드개발팀", "action": "process_started", "device_id": "WS-SJ_01911", "process_name": "cmd.exe"}
{"@timestamp": "2026-02-23T17:59:56.675573", "user_id": "SJ_00562", "user": "윤선영", "department": "클라우드플랫폼팀", "action": "process_started", "device_id": "WS-SJ_00562", "process_name": "cmd.exe"}
{"@timestamp": "2026-02-23T17:59:56.675573", "user_id": "SJ_01462", "user": "송성훈", "department": "대응팀", "action": "process_started", "device_id": "WS-SJ_01462", "process_name": "cmd.exe"}
{"@timestamp": "2026-02-23T17:59:56.675573", "user_id": "SJ_01051", "user": "백민서", "department": "헬프데스크", "action": "process_started", "device_id": "WS-SJ_01051", "process_name": "cmd.exe"}
{"@timestamp": "2026-02-23T17:59:56.675573", "user_id": "SJ_02924", "user": "권영숙", "department": "신기술개발팀", "action": "process_started", "device_id": "WS-SJ_02924", "process_name": "cmd.exe"}
{"@timestamp": "2026-02-23T17:59:56.675573", "user_id": "SJ_02068", "user": "정예지", "department": "B2B영업팀", "action": "process_started", "device_id": "WS-SJ_02068", "process_name": "cmd.exe"}
{"@timestamp": "2026-02-23T18:00:01.678883", "user_id": "SJ_02084", "user": "황아름", "department": "프리세일즈팀", "action": "process_started", "device_id": "WS-SJ_02084", "process_name": "cmd.exe"}
{"@timestamp": "2026-02-23T18:00:01.678883", "user_id": "SJ_00883", "user": "고영자", "department": "테크리더팀", "action": "process_started", "device_id": "WS-SJ_00883", "process_name": "cmd.exe"}
{"@timestamp": "2026-02-23T18:00:01.678883", "user_id": "SJ_02319", "user": "황미정", "department": "마켓인사이트팀", "action": "process_started", "device_id": "WS-SJ_02319", "process_name": "cmd.exe"}
{"@timestamp": "2026-02-23T18:00:01.678883", "user_id": "SJ_00784", "user": "한성진", "department": "모의해킹팀", "action": "process_started", "device_id": "WS-SJ_00784", "process_name": "cmd.exe"}
{"@timestamp": "2026-02-23T18:00:01.678883", "user_id": "SJ_01136", "user": "배유진", "department": "DevOps팀", "action": "process_started", "device_id": "WS-SJ_01136", "process_name": "cmd.exe"}
{"@timestamp": "2026-02-23T18:00:06.682933", "user_id": "SJ_02150", "user": "서정남", "department": "개인정보보호팀", "action": "process_started", "device_id": "WS-SJ_02150", "process_name": "cmd.exe"}
{"@timestamp": "2026-02-23T18:00:06.682933", "user_id": "SJ_00384", "user": "남정식", "department": "구매팀", "action": "process_started", "device_id": "WS-SJ_00384", "process_name": "cmd.exe"}
{"@timestamp": "2026-02-23T18:00:06.682933", "user_id": "SJ_02987", "user": "윤영희", "department": "아키텍처팀", "action": "process_started", "device_id": "WS-SJ_02987", "process_name": "cmd.exe"}
{"@timestamp": "2026-02-23T18:00:06.682933", "user_id": "SJ_00297", "user": "유승현", "department": "UX기획팀", "action": "process_started", "device_id": "WS-SJ_00297", "process_name": "cmd.exe"}
{"@timestamp": "2026-02-23T18:00:06.682933", "user_id": "SJ_00007", "user": "손순자", "department": "시장조사팀", "action": "process_started", "device_id": "WS-SJ_00007", "process_name": "cmd.exe"}
{"@timestamp": "2026-02-23T18:00:11.686866", "user_id": "SJ_01745", "user": "유미영", "department": "원격지원팀", "action": "malware_detected", "device_id": "WS-SJ_01745", "process_name": "cmd.exe"}
{"@timestamp": "2026-02-23T18:00:11.686866", "user_id": "SJ_00605", "user": "고민지", "department": "시장조사팀", "action": "process_started", "device_id": "WS-SJ_00605", "process_name": "cmd.exe"}
{"@timestamp": "2026-02-23T18:00:11.686866", "user_id": "SJ_00995", "user": "문수빈", "department": "바이럴팀", "action": "process_started", "device_id": "WS-SJ_00995", "process_name": "cmd.exe"}
{"@timestamp": "2026-02-23T18:00:11.686866", "user_id": "SJ_00508", "user": "문영철", "department": "고객응대팀", "action": "process_started", "device_id": "WS-SJ_00508", "process_name": "cmd.exe"}
{"@timestamp": "2026-02-23T18:00:11.686866", "user_id": "SJ_00242", "user": "민재호", "department": "인프라보안팀", "action": "process_started", "device_id": "WS-SJ_00242", "process_name": "cmd.exe"}
{"@timestamp": "2026-02-23T18:00:16.692572", "user_id": "SJ_02016", "user": "윤지혜", "department": "클라우드인프라팀", "action": "process_started", "device_id": "WS-SJ_02016", "process_name": "cmd.exe"}
{"@timestamp": "2026-02-23T18:00:16.692572", "user_id": "SJ_01474", "user": "한은영", "department": "조달팀", "action": "process_started", "device_id": "WS-SJ_01474", "process_name": "cmd.exe"}
{"@timestamp": "2026-02-23T18:00:16.692572", "user_id": "SJ_02488", "user": "박재호", "department": "홍보팀", "action": "process_started", "device_id": "WS-SJ_02488", "process_name": "cmd.exe"}
{"@timestamp": "2026-02-23T18:00:16.692572", "user_id": "SJ_02397", "user": "고상훈", "department": "데이터사이언스팀", "action": "process_started", "device_id": "WS-SJ_02397", "process_name": "cmd.exe"}
{"@timestamp": "2026-02-23T18:00:16.692572", "user_id": "SJ_00313", "user": "안영일", "department": "AI프로덕트팀", "action": "process_started", "device_id": "WS-SJ_00313", "process_name": "cmd.exe"}
{"@timestamp": "2026-02-23T18:00:21.699092", "user_id": "SJ_01941", "user": "황미숙", "department": "법무팀", "action": "process_started", "device_id": "WS-SJ_01941", "process_name": "cmd.exe"}
{"@timestamp": "2026-02-23T18:00:21.699092", "user_id": "SJ_01033", "user": "백영일", "department": "프로덕트오너팀", "action": "process_started", "device_id": "WS-SJ_01033", "process_name": "cmd.exe"}
{"@timestamp": "2026-02-23T18:00:21.699092", "user_id": "SJ_02887", "user": "손영일", "department": "고객사관리팀", "action": "process_started", "device_id": "WS-SJ_02887", "process_name": "cmd.exe"}
{"@timestamp": "2026-02-23T18:00:21.699092", "user_id": "SJ_00836", "user": "안현숙", "department": "프리세일즈팀", "action": "process_started", "device_id": "WS-SJ_00836", "process_name": "cmd.exe"}
{"@timestamp": "2026-02-23T18:00:21.699092", "user_id": "SJ_00655", "user": "신준서", "department": "고객센터", "action": "malware_detected", "device_id": "WS-SJ_00655", "process_name": "cmd.exe"}
{"@timestamp": "2026-02-23T18:00:42.778342", "user_id": "SJ_02576", "user": "고민서", "department": "홍보팀", "action": "process_started", "device_id": "WS-SJ_02576", "process_name": "cmd.exe"}
{"@timestamp": "2026-02-23T18:00:42.778342", "user_id": "SJ_01784", "user": "양성호", "department": "광고기획팀", "action": "process_started", "device_id": "WS-SJ_01784", "process_name": "cmd.exe"}
{"@timestamp": "2026-02-23T18:00:42.778342", "user_id": "SJ_02297", "user": "이현정", "department": "보안기획팀", "action": "process_started", "device_id": "WS-SJ_02297", "process_name": "cmd.exe"}
{"@timestamp": "2026-02-23T18:00:42.778342", "user_id": "SJ_00895", "user": "한우진", "department": "데이터엔지니어링팀", "action": "process_started", "device_id": "WS-SJ_00895", "process_name": "cmd.exe"}
{"@timestamp": "2026-02-23T18:00:42.778342", "user_id": "SJ_01923", "user": "손수민", "department": "Kubernetes팀", "action": "process_started", "device_id": "WS-SJ_01923", "process_name": "cmd.exe"}
{"@timestamp": "2026-02-23T18:00:47.784596", "user_id": "SJ_02770", "user": "민미숙", "department": "MS Azure팀", "action": "process_started", "device_id": "WS-SJ_02770", "process_name": "cmd.exe"}
{"@timestamp": "2026-02-23T18:00:47.784596", "user_id": "SJ_01779", "user": "장광수", "department": "재무팀", "action": "process_started", "device_id": "WS-SJ_01779", "process_name": "cmd.exe"}
{"@timestamp": "2026-02-23T18:00:47.784596", "user_id": "SJ_01042", "user": "강영식", "department": "홍보팀", "action": "process_started", "device_id": "WS-SJ_01042", "process_name": "cmd.exe"}
{"@timestamp": "2026-02-23T18:00:47.784596", "user_id": "SJ_02815", "user": "전상훈", "department": "프리세일즈팀", "action": "process_started", "device_id": "WS-SJ_02815", "process_name": "cmd.exe"}
{"@timestamp": "2026-02-23T18:00:47.784596", "user_id": "SJ_00245", "user": "허영숙", "department": "채널영업팀", "action": "process_started", "device_id": "WS-SJ_00245", "process_name": "cmd.exe"}
{"@timestamp": "2026-02-23T18:00:52.788849", "user_id": "SJ_01334", "user": "강영숙", "department": "SW개발팀", "action": "malware_detected", "device_id": "WS-SJ_01334", "process_name": "cmd.exe"}
{"@timestamp": "2026-02-23T18:00:52.788849", "user_id": "SJ_00975", "user": "노아름", "department": "클라우드기획팀", "action": "process_started", "device_id": "WS-SJ_00975", "process_name": "cmd.exe"}
{"@timestamp": "2026-02-23T18:00:52.788849", "user_id": "SJ_02804", "user": "백수빈", "department": "바이럴팀", "action": "process_started", "device_id": "WS-SJ_02804", "process_name": "cmd.exe"}
{"@timestamp": "2026-02-23T18:00:52.788849", "user_id": "SJ_02392", "user": "오현우", "department": "B2B영업팀", "action": "process_started", "device_id": "WS-SJ_02392", "process_name": "cmd.exe"}
{"@timestamp": "2026-02-23T18:00:52.788849", "user_id": "SJ_01427", "user": "황병철", "department": "UI디자인팀", "action": "process_started", "device_id": "WS-SJ_01427", "process_name": "cmd.exe"}
{"@timestamp": "2026-02-23T18:00:57.794778", "user_id": "SJ_01922", "user": "윤광수", "department": "채널영업팀", "action": "process_started", "device_id": "WS-SJ_01922", "process_name": "cmd.exe"}
{"@timestamp": "2026-02-23T18:00:57.794778", "user_id": "SJ_02777", "user": "지성훈", "department": "고객경험팀", "action": "process_started", "device_id": "WS-SJ_02777", "process_name": "cmd.exe"}
{"@timestamp": "2026-02-23T18:00:57.794778", "user_id": "SJ_01353", "user": "최준서", "department": "테스트랩", "action": "process_started", "device_id": "WS-SJ_01353", "process_name": "cmd.exe"}
{"@timestamp": "2026-02-23T18:00:57.794778", "user_id": "SJ_01514", "user": "허재현", "department": "클라우드기획팀", "action": "process_started", "device_id": "WS-SJ_01514", "process_name": "cmd.exe"}
{"@timestamp": "2026-02-23T18:00:57.794778", "user_id": "SJ_02421", "user": "엄미정", "department": "UX기획팀", "action": "process_started", "device_id": "WS-SJ_02421", "process_name": "cmd.exe"}
{"@timestamp": "2026-02-23T18:01:02.802294", "user_id": "SJ_00761", "user": "한서윤", "department": "AI서비스팀", "action": "malware_detected", "device_id": "WS-SJ_00761", "process_name": "cmd.exe"}
{"@timestamp": "2026-02-23T18:01:02.802294", "user_id": "SJ_01288", "user": "윤현정", "department": "인사팀", "action": "process_started", "device_id": "WS-SJ_01288", "process_name": "cmd.exe"}
{"@timestamp": "2026-02-23T18:01:02.802294", "user_id": "SJ_01500", "user": "한예지", "department": "매출관리팀", "action": "process_started", "device_id": "WS-SJ_01500", "process_name": "cmd.exe"}
{"@timestamp": "2026-02-23T18:01:02.802294", "user_id": "SJ_01238", "user": "윤도윤", "department": "고객센터", "action": "process_started", "device_id": "WS-SJ_01238", "process_name": "cmd.exe"}
{"@timestamp": "2026-02-23T18:01:02.802294", "user_id": "SJ_02308", "user": "민예은", "department": "정보보호팀", "action": "process_started", "device_id": "WS-SJ_02308", "process_name": "cmd.exe"}
{"@timestamp": "2026-02-23T18:01:07.807974", "user_id": "SJ_01344", "user": "양경수", "department": "CRM팀", "action": "process_started", "device_id": "WS-SJ_01344", "process_name": "cmd.exe"}
{"@timestamp": "2026-02-23T18:01:07.807974", "user_id": "SJ_01507", "user": "심지아", "department": "마켓인사이트팀", "action": "process_started", "device_id": "WS-SJ_01507", "process_name": "cmd.exe"}
{"@timestamp": "2026-02-23T18:01:07.807974", "user_id": "SJ_01009", "user": "조정숙", "department": "데이터사이언스팀", "action": "process_started", "device_id": "WS-SJ_01009", "process_name": "cmd.exe"}
{"@timestamp": "2026-02-23T18:01:07.807974", "user_id": "SJ_02111", "user": "양예준", "department": "신기술개발팀", "action": "process_started", "device_id": "WS-SJ_02111", "process_name": "cmd.exe"}
{"@timestamp": "2026-02-23T18:01:07.807974", "user_id": "SJ_00619", "user": "조병철", "department": "신기술개발팀", "action": "process_started", "device_id": "WS-SJ_00619", "process_name": "cmd.exe"}
{"@timestamp": "2026-02-23T18:01:12.814226", "user_id": "SJ_01099", "user": "안영길", "department": "고객센터", "action": "process_started", "device_id": "WS-SJ_01099", "process_name": "cmd.exe"}
{"@timestamp": "2026-02-23T18:01:12.814226", "user_id": "SJ_02157", "user": "정지아", "department": "어플리케이션보안팀", "action": "process_started", "device_id": "WS-SJ_02157", "process_name": "cmd.exe"}
{"@timestamp": "2026-02-23T18:01:12.814226", "user_id": "SJ_02429", "user": "최정희", "department": "비서팀", "action": "process_started", "device_id": "WS-SJ_02429", "process_name": "cmd.exe"}
{"@timestamp": "2026-02-23T18:01:12.814226", "user_id": "SJ_02424", "user": "서상현", "department": "AI프로덕트팀", "action": "process_started", "device_id": "WS-SJ_02424", "process_name": "cmd.exe"}
{"@timestamp": "2026-02-23T18:01:12.814226", "user_id": "SJ_02378", "user": "강상호", "department": "채널영업팀", "action": "process_started", "device_id": "WS-SJ_02378", "process_name": "cmd.exe"}
{"@timestamp": "2026-02-23T18:01:17.820177", "user_id": "SJ_00353", "user": "김영미", "department": "광고기획팀", "action": "process_started", "device_id": "WS-SJ_00353", "process_name": "cmd.exe"}
{"@timestamp": "2026-02-23T18:01:17.820177", "user_id": "SJ_00612", "user": "황진호", "department": "클라우드기획팀", "action": "malware_detected", "device_id": "WS-SJ_00612", "process_name": "cmd.exe"}
{"@timestamp": "2026-02-23T18:01:17.820177", "user_id": "SJ_01639", "user": "윤서영", "department": "데이터엔지니어링팀", "action": "process_started", "device_id": "WS-SJ_01639", "process_name": "cmd.exe"}
{"@timestamp": "2026-02-23T18:01:17.820177", "user_id": "SJ_01534", "user": "조상현", "department": "고객사관리팀", "action": "process_started", "device_id": "WS-SJ_01534", "process_name": "cmd.exe"}
{"@timestamp": "2026-02-23T18:01:17.820177", "user_id": "SJ_00091", "user": "서성진", "department": "음성인식팀", "action": "process_started", "device_id": "WS-SJ_00091", "process_name": "cmd.exe"}
{"@timestamp": "2026-02-23T18:01:22.824924", "user_id": "SJ_01898", "user": "서은경", "department": "서비스전략팀", "action": "process_started", "device_id": "WS-SJ_01898", "process_name": "cmd.exe"}
{"@timestamp": "2026-02-23T18:01:22.824924", "user_id": "SJ_00568", "user": "안지연", "department": "음성인식팀", "action": "process_started", "device_id": "WS-SJ_00568", "process_name": "cmd.exe"}
{"@timestamp": "2026-02-23T18:01:22.824924", "user_id": "SJ_00393", "user": "강보람", "department": "UX기획팀", "action": "process_started", "device_id": "WS-SJ_00393", "process_name": "cmd.exe"}
{"@timestamp": "2026-02-23T18:01:22.824924", "user_id": "SJ_01019", "user": "박영환", "department": "조달팀", "action": "process_started", "device_id": "WS-SJ_01019", "process_name": "cmd.exe"}
{"@timestamp": "2026-02-23T18:01:22.824924", "user_id": "SJ_02216", "user": "최유진", "department": "프로젝트관리팀", "action": "process_started", "device_id": "WS-SJ_02216", "process_name": "cmd.exe"}
{"@timestamp": "2026-02-23T18:01:27.830583", "user_id": "SJ_01940", "user": "진미정", "department": "국내영업팀", "action": "process_started", "device_id": "WS-SJ_01940", "process_name": "cmd.exe"}
{"@timestamp": "2026-02-23T18:01:27.830583", "user_id": "SJ_00108", "user": "백동현", "department": "해외영업팀", "action": "process_started", "device_id": "WS-SJ_00108", "process_name": "cmd.exe"}
{"@timestamp": "2026-02-23T18:01:27.830583", "user_id": "SJ_01437", "user": "강광수", "department": "DBA팀", "action": "process_started", "device_id": "WS-SJ_01437", "process_name": "cmd.exe"}
{"@timestamp": "2026-02-23T18:01:27.830583", "user_id": "SJ_00441", "user": "노지아", "department": "보안기획팀", "action": "process_started", "device_id": "WS-SJ_00441", "process_name": "cmd.exe"}
{"@timestamp": "2026-02-23T18:01:27.830583", "user_id": "SJ_02357", "user": "송준호", "department": "회계팀", "action": "process_started", "device_id": "WS-SJ_02357", "process_name": "cmd.exe"}
{"@timestamp": "2026-02-23T18:01:32.836630", "user_id": "SJ_02955", "user": "윤지훈", "department": "기술문서팀", "action": "process_started", "device_id": "WS-SJ_02955", "process_name": "cmd.exe"}
{"@timestamp": "2026-02-23T18:01:32.836630", "user_id": "SJ_00820", "user": "장경수", "department": "AI프로덕트팀", "action": "malware_detected", "device_id": "WS-SJ_00820", "process_name": "cmd.exe"}
{"@timestamp": "2026-02-23T18:01:32.836630", "user_id": "SJ_00616", "user": "황동현", "department": "AS팀", "action": "process_started", "device_id": "WS-SJ_00616", "process_name": "cmd.exe"}
{"@timestamp": "2026-02-23T18:01:32.836630", "user_id": "SJ_02737", "user": "나영환", "department": "경영기획팀", "action": "process_started", "device_id": "WS-SJ_02737", "process_name": "cmd.exe"}
{"@timestamp": "2026-02-23T18:01:32.836630", "user_id": "SJ_00201", "user": "지중수", "department": "마켓인사이트팀", "action": "process_started", "device_id": "WS-SJ_00201", "process_name": "cmd.exe"}
{"@timestamp": "2026-02-23T18:01:37.842281", "user_id": "SJ_00539", "user": "권미영", "department": "마켓인사이트팀", "action": "process_started", "device_id": "WS-SJ_00539", "process_name": "cmd.exe"}
{"@timestamp": "2026-02-23T18:01:37.842281", "user_id": "SJ_00039", "user": "양지혜", "department": "프로덕트오너팀", "action": "process_started", "device_id": "WS-SJ_00039", "process_name": "cmd.exe"}
{"@timestamp": "2026-02-23T18:01:37.842281", "user_id": "SJ_00630", "user": "노준서", "department": "ML팀", "action": "process_started", "device_id": "WS-SJ_00630", "process_name": "cmd.exe"}
{"@timestamp": "2026-02-23T18:01:37.842281", "user_id": "SJ_02491", "user": "송성호", "department": "특허관리팀", "action": "process_started", "device_id": "WS-SJ_02491", "process_name": "cmd.exe"}
{"@timestamp": "2026-02-23T18:01:37.842281", "user_id": "SJ_01120", "user": "홍준서", "department": "어플리케이션보안팀", "action": "process_started", "device_id": "WS-SJ_01120", "process_name": "cmd.exe"}
{"@timestamp": "2026-02-23T18:01:42.847908", "user_id": "SJ_01533", "user": "신민준", "department": "영업기획팀", "action": "process_started", "device_id": "WS-SJ_01533", "process_name": "cmd.exe"}
{"@timestamp": "2026-02-23T18:01:42.847908", "user_id": "SJ_02281", "user": "류은서", "department": "AWS운영팀", "action": "process_started", "device_id": "WS-SJ_02281", "process_name": "cmd.exe"}
{"@timestamp": "2026-02-23T18:01:42.847908", "user_id": "SJ_01362", "user": "강예은", "department": "총무팀", "action": "process_started", "device_id": "WS-SJ_01362", "process_name": "cmd.exe"}
{"@timestamp": "2026-02-23T18:01:42.847908", "user_id": "SJ_00395", "user": "강채원", "department": "기술지원팀", "action": "process_started", "device_id": "WS-SJ_00395", "process_name": "cmd.exe"}
{"@timestamp": "2026-02-23T18:01:42.847908", "user_id": "SJ_02676", "user": "권미경", "department": "백엔드개발팀", "action": "process_started", "device_id": "WS-SJ_02676", "process_name": "cmd.exe"}
{"@timestamp": "2026-02-23T18:01:47.853531", "user_id": "SJ_00168", "user": "김옥자", "department": "회계팀", "action": "malware_detected", "device_id": "WS-SJ_00168", "process_name": "cmd.exe"}
{"@timestamp": "2026-02-23T18:01:47.853531", "user_id": "SJ_01764", "user": "문상철", "department": "Kubernetes팀", "action": "process_started", "device_id": "WS-SJ_01764", "process_name": "cmd.exe"}
{"@timestamp": "2026-02-23T18:01:47.853531", "user_id": "SJ_00536", "user": "권미숙", "department": "음성인식팀", "action": "process_started", "device_id": "WS-SJ_00536", "process_name": "cmd.exe"}
{"@timestamp": "2026-02-23T18:01:47.853531", "user_id": "SJ_02354", "user": "이은서", "department": "구매팀", "action": "process_started", "device_id": "WS-SJ_02354", "process_name": "cmd.exe"}
{"@timestamp": "2026-02-23T18:01:47.853531", "user_id": "SJ_01305", "user": "윤정식", "department": "하드웨어팀", "action": "process_started", "device_id": "WS-SJ_01305", "process_name": "cmd.exe"}
{"@timestamp": "2026-02-23T18:01:52.856408", "user_id": "SJ_00571", "user": "권지연", "department": "펌웨어팀", "action": "process_started", "device_id": "WS-SJ_00571", "process_name": "cmd.exe"}
{"@timestamp": "2026-02-23T18:01:52.856408", "user_id": "SJ_00965", "user": "양영길", "department": "신기술개발팀", "action": "process_started", "device_id": "WS-SJ_00965", "process_name": "cmd.exe"}
{"@timestamp": "2026-02-23T18:01:52.856408", "user_id": "SJ_01292", "user": "김순옥", "department": "SW개발팀", "action": "process_started", "device_id": "WS-SJ_01292", "process_name": "cmd.exe"}
{"@timestamp": "2026-02-23T18:01:52.856408", "user_id": "SJ_02526", "user": "강영길", "department": "홍보팀", "action": "process_started", "device_id": "WS-SJ_02526", "process_name": "cmd.exe"}
{"@timestamp": "2026-02-23T18:01:52.856408", "user_id": "SJ_00383", "user": "김지민", "department": "클라우드플랫폼팀", "action": "process_started", "device_id": "WS-SJ_00383", "process_name": "cmd.exe"}
{"@timestamp": "2026-02-23T18:01:57.859089", "user_id": "SJ_00639", "user": "조채원", "department": "UX기획팀", "action": "process_started", "device_id": "WS-SJ_00639", "process_name": "cmd.exe"}
{"@timestamp": "2026-02-23T18:01:57.859089", "user_id": "SJ_01759", "user": "윤보람", "department": "마켓인사이트팀", "action": "process_started", "device_id": "WS-SJ_01759", "process_name": "cmd.exe"}
{"@timestamp": "2026-02-23T18:01:57.859089", "user_id": "SJ_01534", "user": "조상현", "department": "고객사관리팀", "action": "process_started", "device_id": "WS-SJ_01534", "process_name": "cmd.exe"}
{"@timestamp": "2026-02-23T18:01:57.859089", "user_id": "SJ_00958", "user": "황순옥", "department": "신기술개발팀", "action": "process_started", "device_id": "WS-SJ_00958", "process_name": "cmd.exe"}
{"@timestamp": "2026-02-23T18:01:57.859089", "user_id": "SJ_00735", "user": "배영호", "department": "UX기획팀", "action": "malware_detected", "device_id": "WS-SJ_00735", "process_name": "cmd.exe"}
{"@timestamp": "2026-02-23T18:02:02.863514", "user_id": "SJ_01482", "user": "조도윤", "department": "파트너십팀", "action": "process_started", "device_id": "WS-SJ_01482", "process_name": "cmd.exe"}
{"@timestamp": "2026-02-23T18:02:02.863514", "user_id": "SJ_01462", "user": "송성훈", "department": "대응팀", "action": "process_started", "device_id": "WS-SJ_01462", "process_name": "cmd.exe"}
{"@timestamp": "2026-02-23T18:02:02.863514", "user_id": "SJ_02243", "user": "강영순", "department": "법무팀", "action": "process_started", "device_id": "WS-SJ_02243", "process_name": "cmd.exe"}
{"@timestamp": "2026-02-23T18:02:02.863514", "user_id": "SJ_00035", "user": "임정훈", "department": "UI디자인팀", "action": "process_started", "device_id": "WS-SJ_00035", "process_name": "cmd.exe"}
{"@timestamp": "2026-02-23T18:02:02.863514", "user_id": "SJ_02440", "user": "허예원", "department": "음성인식팀", "action": "process_started", "device_id": "WS-SJ_02440", "process_name": "cmd.exe"}
{"@timestamp": "2026-02-23T18:02:07.867495", "user_id": "SJ_01536", "user": "노정남", "department": "보안기획팀", "action": "process_started", "device_id": "WS-SJ_01536", "process_name": "cmd.exe"}
{"@timestamp": "2026-02-23T18:02:07.867495", "user_id": "SJ_00044", "user": "임경희", "department": "플랫폼개발팀", "action": "process_started", "device_id": "WS-SJ_00044", "process_name": "cmd.exe"}
{"@timestamp": "2026-02-23T18:02:07.867495", "user_id": "SJ_00272", "user": "이서현", "department": "브랜드팀", "action": "process_started", "device_id": "WS-SJ_00272", "process_name": "cmd.exe"}
{"@timestamp": "2026-02-23T18:02:07.867495", "user_id": "SJ_01184", "user": "양경숙", "department": "UX리서치팀", "action": "process_started", "device_id": "WS-SJ_01184", "process_name": "cmd.exe"}
{"@timestamp": "2026-02-23T18:02:07.867495", "user_id": "SJ_00001", "user": "서은지", "department": "구매팀", "action": "process_started", "device_id": "WS-SJ_00001", "process_name": "cmd.exe"}
{"@timestamp": "2026-02-23T18:02:12.873152", "user_id": "SJ_01694", "user": "이영순", "department": "마켓인사이트팀", "action": "process_started", "device_id": "WS-SJ_01694", "process_name": "cmd.exe"}
{"@timestamp": "2026-02-23T18:02:12.873152", "user_id": "SJ_00848", "user": "남지우", "department": "클라우드플랫폼팀", "action": "process_started", "device_id": "WS-SJ_00848", "process_name": "cmd.exe"}
{"@timestamp": "2026-02-23T18:02:12.873152", "user_id": "SJ_02199", "user": "정영일", "department": "비즈니스분석팀", "action": "process_started", "device_id": "WS-SJ_02199", "process_name": "cmd.exe"}
{"@timestamp": "2026-02-23T18:02:12.873152", "user_id": "SJ_02320", "user": "안진우", "department": "신사업기획팀", "action": "process_started", "device_id": "WS-SJ_02320", "process_name": "cmd.exe"}
{"@timestamp": "2026-02-23T18:02:12.873152", "user_id": "SJ_02441", "user": "최성호", "department": "데브섹옵스팀", "action": "process_started", "device_id": "WS-SJ_02441", "process_name": "cmd.exe"}
{"@timestamp": "2026-02-23T18:02:17.875522", "user_id": "SJ_00115", "user": "홍재호", "department": "ML팀", "action": "process_started", "device_id": "WS-SJ_00115", "process_name": "cmd.exe"}
{"@timestamp": "2026-02-23T18:02:17.875522", "user_id": "SJ_02341", "user": "홍종수", "department": "대응팀", "action": "process_started", "device_id": "WS-SJ_02341", "process_name": "cmd.exe"}
{"@timestamp": "2026-02-23T18:02:17.875522", "user_id": "SJ_02676", "user": "권미경", "department": "백엔드개발팀", "action": "process_started", "device_id": "WS-SJ_02676", "process_name": "cmd.exe"}
{"@timestamp": "2026-02-23T18:02:17.875522", "user_id": "SJ_00283", "user": "안지혜", "department": "보안솔루션팀", "action": "process_started", "device_id": "WS-SJ_00283", "process_name": "cmd.exe"}
{"@timestamp": "2026-02-23T18:02:17.875522", "user_id": "SJ_00247", "user": "이지현", "department": "프론트엔드팀", "action": "process_started", "device_id": "WS-SJ_00247", "process_name": "cmd.exe"}
{"@timestamp": "2026-02-23T18:02:22.878333", "user_id": "SJ_01088", "user": "서옥자", "department": "ML팀", "action": "process_started", "device_id": "WS-SJ_01088", "process_name": "cmd.exe"}
{"@timestamp": "2026-02-23T18:02:22.878333", "user_id": "SJ_02677", "user": "곽경희", "department": "고객경험팀", "action": "malware_detected", "device_id": "WS-SJ_02677", "process_name": "cmd.exe"}
{"@timestamp": "2026-02-23T18:02:22.878333", "user_id": "SJ_00017", "user": "임현우", "department": "프로덕트오너팀", "action": "process_started", "device_id": "WS-SJ_00017", "process_name": "cmd.exe"}
{"@timestamp": "2026-02-23T18:02:22.878333", "user_id": "SJ_02706", "user": "안정순", "department": "보안기획팀", "action": "process_started", "device_id": "WS-SJ_02706", "process_name": "cmd.exe"}
{"@timestamp": "2026-02-23T18:02:22.878333", "user_id": "SJ_00902", "user": "손영미", "department": "클라우드플랫폼팀", "action": "process_started", "device_id": "WS-SJ_00902", "process_name": "cmd.exe"}
{"@timestamp": "2026-02-23T18:02:27.882294", "user_id": "SJ_01352", "user": "송예은", "department": "고객사관리팀", "action": "process_started", "device_id": "WS-SJ_01352", "process_name": "cmd.exe"}
{"@timestamp": "2026-02-23T18:02:27.882294", "user_id": "SJ_02701", "user": "곽상훈", "department": "서비스전략팀", "action": "process_started", "device_id": "WS-SJ_02701", "process_name": "cmd.exe"}
{"@timestamp": "2026-02-23T18:02:27.882294", "user_id": "SJ_01685", "user": "신은서", "department": "플랫폼개발팀", "action": "process_started", "device_id": "WS-SJ_01685", "process_name": "cmd.exe"}
{"@timestamp": "2026-02-23T18:02:27.882294", "user_id": "SJ_00585", "user": "류성현", "department": "클라우드기획팀", "action": "process_started", "device_id": "WS-SJ_00585", "process_name": "cmd.exe"}
{"@timestamp": "2026-02-23T18:02:27.882294", "user_id": "SJ_02976", "user": "윤아름", "department": "보안솔루션팀", "action": "process_started", "device_id": "WS-SJ_02976", "process_name": "cmd.exe"}
{"@timestamp": "2026-02-23T18:02:32.888138", "user_id": "SJ_01666", "user": "박정수", "department": "프로젝트관리팀", "action": "malware_detected", "device_id": "WS-SJ_01666", "process_name": "cmd.exe"}
{"@timestamp": "2026-02-23T18:02:32.888138", "user_id": "SJ_00752", "user": "허예준", "department": "기술문서팀", "action": "process_started", "device_id": "WS-SJ_00752", "process_name": "cmd.exe"}
{"@timestamp": "2026-02-23T18:02:32.888138", "user_id": "SJ_00018", "user": "하현준", "department": "테크리더팀", "action": "process_started", "device_id": "WS-SJ_00018", "process_name": "cmd.exe"}
{"@timestamp": "2026-02-23T18:02:32.888138", "user_id": "SJ_02451", "user": "권상철", "department": "리셀러지원팀", "action": "process_started", "device_id": "WS-SJ_02451", "process_name": "cmd.exe"}
{"@timestamp": "2026-02-23T18:02:32.888138", "user_id": "SJ_00213", "user": "성승현", "department": "ML팀", "action": "process_started", "device_id": "WS-SJ_00213", "process_name": "cmd.exe"}
{"@timestamp": "2026-02-23T18:02:39.559829", "user_id": "SJ_02853", "user": "지승민", "department": "재무팀", "action": "process_started", "device_id": "WS-SJ_02853", "process_name": "cmd.exe"}
{"@timestamp": "2026-02-23T18:02:39.559829", "user_id": "SJ_01959", "user": "류경희", "department": "서비스전략팀", "action": "process_started", "device_id": "WS-SJ_01959", "process_name": "cmd.exe"}
{"@timestamp": "2026-02-23T18:02:39.559829", "user_id": "SJ_01245", "user": "서미숙", "department": "모의해킹팀", "action": "process_started", "device_id": "WS-SJ_01245", "process_name": "cmd.exe"}
{"@timestamp": "2026-02-23T18:02:39.559829", "user_id": "SJ_01704", "user": "심명자", "department": "SW개발팀", "action": "process_started", "device_id": "WS-SJ_01704", "process_name": "cmd.exe"}
{"@timestamp": "2026-02-23T18:02:39.559829", "user_id": "SJ_01722", "user": "박순옥", "department": "헬프데스크", "action": "process_started", "device_id": "WS-SJ_01722", "process_name": "cmd.exe"}
{"@timestamp": "2026-02-23T18:02:44.565658", "user_id": "SJ_01332", "user": "배민준", "department": "SOC팀", "action": "process_started", "device_id": "WS-SJ_01332", "process_name": "cmd.exe"}
{"@timestamp": "2026-02-23T18:02:44.565658", "user_id": "SJ_01374", "user": "김영희", "department": "서비스전략팀", "action": "process_started", "device_id": "WS-SJ_01374", "process_name": "cmd.exe"}
{"@timestamp": "2026-02-23T18:02:44.565658", "user_id": "SJ_02167", "user": "노현주", "department": "해외영업팀", "action": "process_started", "device_id": "WS-SJ_02167", "process_name": "cmd.exe"}
{"@timestamp": "2026-02-23T18:02:44.565658", "user_id": "SJ_01410", "user": "윤수빈", "department": "SW개발팀", "action": "process_started", "device_id": "WS-SJ_01410", "process_name": "cmd.exe"}
{"@timestamp": "2026-02-23T18:02:44.565658", "user_id": "SJ_00258", "user": "김현정", "department": "데브섹옵스팀", "action": "process_started", "device_id": "WS-SJ_00258", "process_name": "cmd.exe"}
{"@timestamp": "2026-02-23T18:02:49.571627", "user_id": "SJ_00615", "user": "차영일", "department": "경영기획팀", "action": "process_started", "device_id": "WS-SJ_00615", "process_name": "cmd.exe"}
{"@timestamp": "2026-02-23T18:02:49.571627", "user_id": "SJ_01808", "user": "고서준", "department": "GCP운영팀", "action": "process_started", "device_id": "WS-SJ_01808", "process_name": "cmd.exe"}
{"@timestamp": "2026-02-23T18:02:49.571627", "user_id": "SJ_02225", "user": "유은영", "department": "클라우드플랫폼팀", "action": "process_started", "device_id": "WS-SJ_02225", "process_name": "cmd.exe"}
{"@timestamp": "2026-02-23T18:02:49.571627", "user_id": "SJ_00341", "user": "홍경자", "department": "VOC팀", "action": "process_started", "device_id": "WS-SJ_00341", "process_name": "cmd.exe"}
{"@timestamp": "2026-02-23T18:02:49.571627", "user_id": "SJ_01570", "user": "전정수", "department": "데이터사이언스팀", "action": "process_started", "device_id": "WS-SJ_01570", "process_name": "cmd.exe"}
{"@timestamp": "2026-02-23T18:02:54.576374", "user_id": "SJ_02835", "user": "임승현", "department": "자연어처리팀", "action": "process_started", "device_id": "WS-SJ_02835", "process_name": "cmd.exe"}
{"@timestamp": "2026-02-23T18:02:54.576374", "user_id": "SJ_02042", "user": "권준서", "department": "이벤트마케팅팀", "action": "process_started", "device_id": "WS-SJ_02042", "process_name": "cmd.exe"}
{"@timestamp": "2026-02-23T18:02:54.576374", "user_id": "SJ_02764", "user": "장중수", "department": "보안기획팀", "action": "process_started", "device_id": "WS-SJ_02764", "process_name": "cmd.exe"}
{"@timestamp": "2026-02-23T18:02:54.576374", "user_id": "SJ_01319", "user": "허은경", "department": "자연어처리팀", "action": "process_started", "device_id": "WS-SJ_01319", "process_name": "cmd.exe"}
{"@timestamp": "2026-02-23T18:02:54.576374", "user_id": "SJ_00475", "user": "이명자", "department": "고객경험팀", "action": "process_started", "device_id": "WS-SJ_00475", "process_name": "cmd.exe"}
{"@timestamp": "2026-02-23T18:02:59.582214", "user_id": "SJ_00943", "user": "손경숙", "department": "MS Azure팀", "action": "process_started", "device_id": "WS-SJ_00943", "process_name": "cmd.exe"}
{"@timestamp": "2026-02-23T18:02:59.582214", "user_id": "SJ_01092", "user": "조옥순", "department": "B2B영업팀", "action": "process_started", "device_id": "WS-SJ_01092", "process_name": "cmd.exe"}
{"@timestamp": "2026-02-23T18:02:59.582214", "user_id": "SJ_01522", "user": "오지우", "department": "하드웨어팀", "action": "process_started", "device_id": "WS-SJ_01522", "process_name": "cmd.exe"}
{"@timestamp": "2026-02-23T18:02:59.582214", "user_id": "SJ_02893", "user": "황민지", "department": "비서팀", "action": "process_started", "device_id": "WS-SJ_02893", "process_name": "cmd.exe"}
{"@timestamp": "2026-02-23T18:02:59.582214", "user_id": "SJ_02092", "user": "서준호", "department": "SOC팀", "action": "process_started", "device_id": "WS-SJ_02092", "process_name": "cmd.exe"}
{"@timestamp": "2026-02-23T18:03:04.588757", "user_id": "SJ_00383", "user": "김지민", "department": "클라우드플랫폼팀", "action": "process_started", "device_id": "WS-SJ_00383", "process_name": "cmd.exe"}
{"@timestamp": "2026-02-23T18:03:04.588757", "user_id": "SJ_01579", "user": "송정순", "department": "광고기획팀", "action": "process_started", "device_id": "WS-SJ_01579", "process_name": "cmd.exe"}
{"@timestamp": "2026-02-23T18:03:04.588757", "user_id": "SJ_02170", "user": "박선영", "department": "홍보팀", "action": "malware_detected", "device_id": "WS-SJ_02170", "process_name": "cmd.exe"}
{"@timestamp": "2026-02-23T18:03:04.588757", "user_id": "SJ_02946", "user": "주은경", "department": "API개발팀", "action": "process_started", "device_id": "WS-SJ_02946", "process_name": "cmd.exe"}
{"@timestamp": "2026-02-23T18:03:04.588757", "user_id": "SJ_02189", "user": "윤병철", "department": "영업기획팀", "action": "process_started", "device_id": "WS-SJ_02189", "process_name": "cmd.exe"}
{"@timestamp": "2026-02-23T18:03:09.595696", "user_id": "SJ_00489", "user": "곽민수", "department": "데브섹옵스팀", "action": "process_started", "device_id": "WS-SJ_00489", "process_name": "cmd.exe"}
{"@timestamp": "2026-02-23T18:03:09.595696", "user_id": "SJ_01862", "user": "장미영", "department": "경영기획팀", "action": "process_started", "device_id": "WS-SJ_01862", "process_name": "cmd.exe"}
{"@timestamp": "2026-02-23T18:03:09.595696", "user_id": "SJ_00345", "user": "최지민", "department": "테크리더팀", "action": "process_started", "device_id": "WS-SJ_00345", "process_name": "cmd.exe"}
{"@timestamp": "2026-02-23T18:03:09.595696", "user_id": "SJ_02991", "user": "조종수", "department": "홍보팀", "action": "process_started", "device_id": "WS-SJ_02991", "process_name": "cmd.exe"}
{"@timestamp": "2026-02-23T18:03:09.595696", "user_id": "SJ_02244", "user": "조옥자", "department": "해외영업팀", "action": "process_started", "device_id": "WS-SJ_02244", "process_name": "cmd.exe"}
{"@timestamp": "2026-02-23T18:03:14.603277", "user_id": "SJ_01987", "user": "김은지", "department": "보안솔루션팀", "action": "process_started", "device_id": "WS-SJ_01987", "process_name": "cmd.exe"}
{"@timestamp": "2026-02-23T18:03:14.603277", "user_id": "SJ_02704", "user": "황승현", "department": "인프라보안팀", "action": "process_started", "device_id": "WS-SJ_02704", "process_name": "cmd.exe"}
{"@timestamp": "2026-02-23T18:03:14.603277", "user_id": "SJ_01124", "user": "성명자", "department": "어플리케이션보안팀", "action": "process_started", "device_id": "WS-SJ_01124", "process_name": "cmd.exe"}
{"@timestamp": "2026-02-23T18:03:14.603277", "user_id": "SJ_00271", "user": "진정수", "department": "경영기획팀", "action": "process_started", "device_id": "WS-SJ_00271", "process_name": "cmd.exe"}
{"@timestamp": "2026-02-23T18:03:14.603277", "user_id": "SJ_00674", "user": "서영식", "department": "신사업기획팀", "action": "process_started", "device_id": "WS-SJ_00674", "process_name": "cmd.exe"}
{"@timestamp": "2026-02-23T18:03:19.611907", "user_id": "SJ_02923", "user": "백성민", "department": "ML팀", "action": "process_started", "device_id": "WS-SJ_02923", "process_name": "cmd.exe"}
{"@timestamp": "2026-02-23T18:03:19.611907", "user_id": "SJ_02220", "user": "류지현", "department": "B2C영업팀", "action": "process_started", "device_id": "WS-SJ_02220", "process_name": "cmd.exe"}
{"@timestamp": "2026-02-23T18:03:19.611907", "user_id": "SJ_00997", "user": "송영호", "department": "R&D기획팀", "action": "process_started", "device_id": "WS-SJ_00997", "process_name": "cmd.exe"}
{"@timestamp": "2026-02-23T18:03:19.611907", "user_id": "SJ_01405", "user": "오지훈", "department": "서비스운영팀", "action": "process_started", "device_id": "WS-SJ_01405", "process_name": "cmd.exe"}
{"@timestamp": "2026-02-23T18:03:19.611907", "user_id": "SJ_01106", "user": "이영호", "department": "개인정보보호팀", "action": "process_started", "device_id": "WS-SJ_01106", "process_name": "cmd.exe"}
{"@timestamp": "2026-02-23T18:03:24.616997", "user_id": "SJ_02669", "user": "노상훈", "department": "R&D기획팀", "action": "process_started", "device_id": "WS-SJ_02669", "process_name": "cmd.exe"}
{"@timestamp": "2026-02-23T18:03:24.616997", "user_id": "SJ_02767", "user": "허지훈", "department": "SW개발팀", "action": "malware_detected", "device_id": "WS-SJ_02767", "process_name": "cmd.exe"}
{"@timestamp": "2026-02-23T18:03:24.616997", "user_id": "SJ_01830", "user": "윤경수", "department": "파트너십팀", "action": "process_started", "device_id": "WS-SJ_01830", "process_name": "cmd.exe"}
{"@timestamp": "2026-02-23T18:03:24.616997", "user_id": "SJ_02200", "user": "서지혜", "department": "이벤트마케팅팀", "action": "process_started", "device_id": "WS-SJ_02200", "process_name": "cmd.exe"}
{"@timestamp": "2026-02-23T18:03:24.616997", "user_id": "SJ_02137", "user": "서상호", "department": "ML팀", "action": "process_started", "device_id": "WS-SJ_02137", "process_name": "cmd.exe"}
{"@timestamp": "2026-02-23T18:03:29.622888", "user_id": "SJ_00453", "user": "송예지", "department": "아키텍처팀", "action": "process_started", "device_id": "WS-SJ_00453", "process_name": "cmd.exe"}
{"@timestamp": "2026-02-23T18:03:29.622888", "user_id": "SJ_00004", "user": "문지연", "department": "디지털마케팅팀", "action": "process_started", "device_id": "WS-SJ_00004", "process_name": "cmd.exe"}
{"@timestamp": "2026-02-23T18:03:29.622888", "user_id": "SJ_00451", "user": "나정남", "department": "신기술개발팀", "action": "process_started", "device_id": "WS-SJ_00451", "process_name": "cmd.exe"}
{"@timestamp": "2026-02-23T18:03:29.622888", "user_id": "SJ_01298", "user": "남서영", "department": "VOC팀", "action": "process_started", "device_id": "WS-SJ_01298", "process_name": "cmd.exe"}
{"@timestamp": "2026-02-23T18:03:29.622888", "user_id": "SJ_00751", "user": "남혜진", "department": "B2B영업팀", "action": "process_started", "device_id": "WS-SJ_00751", "process_name": "cmd.exe"}
{"@timestamp": "2026-02-23T18:03:34.630341", "user_id": "SJ_01671", "user": "이영수", "department": "개인정보보호팀", "action": "process_started", "device_id": "WS-SJ_01671", "process_name": "cmd.exe"}
{"@timestamp": "2026-02-23T18:03:34.630341", "user_id": "SJ_02384", "user": "임하은", "department": "채널영업팀", "action": "process_started", "device_id": "WS-SJ_02384", "process_name": "cmd.exe"}
{"@timestamp": "2026-02-23T18:03:34.630341", "user_id": "SJ_02693", "user": "서진호", "department": "해외영업팀", "action": "process_started", "device_id": "WS-SJ_02693", "process_name": "cmd.exe"}
{"@timestamp": "2026-02-23T18:03:34.630341", "user_id": "SJ_01032", "user": "고은서", "department": "영업기획팀", "action": "process_started", "device_id": "WS-SJ_01032", "process_name": "cmd.exe"}
{"@timestamp": "2026-02-23T18:03:34.630341", "user_id": "SJ_02741", "user": "엄예지", "department": "클라우드플랫폼팀", "action": "process_started", "device_id": "WS-SJ_02741", "process_name": "cmd.exe"}
{"@timestamp": "2026-02-23T18:03:39.634145", "user_id": "SJ_00277", "user": "곽승현", "department": "하이브리드클라우드팀", "action": "process_started", "device_id": "WS-SJ_00277", "process_name": "cmd.exe"}
{"@timestamp": "2026-02-23T18:03:39.634145", "user_id": "SJ_01084", "user": "강하은", "department": "고객사관리팀", "action": "malware_detected", "device_id": "WS-SJ_01084", "process_name": "cmd.exe"}
{"@timestamp": "2026-02-23T18:03:39.634145", "user_id": "SJ_01393", "user": "윤지현", "department": "B2C영업팀", "action": "process_started", "device_id": "WS-SJ_01393", "process_name": "cmd.exe"}
{"@timestamp": "2026-02-23T18:03:39.634145", "user_id": "SJ_02272", "user": "송현주", "department": "보안기획팀", "action": "process_started", "device_id": "WS-SJ_02272", "process_name": "cmd.exe"}
{"@timestamp": "2026-02-23T18:03:39.634145", "user_id": "SJ_01147", "user": "유서준", "department": "클라우드보안팀", "action": "process_started", "device_id": "WS-SJ_01147", "process_name": "cmd.exe"}
{"@timestamp": "2026-02-23T18:03:44.639763", "user_id": "SJ_02227", "user": "한보람", "department": "API개발팀", "action": "process_started", "device_id": "WS-SJ_02227", "process_name": "cmd.exe"}
{"@timestamp": "2026-02-23T18:03:44.639763", "user_id": "SJ_01442", "user": "김미영", "department": "마켓인사이트팀", "action": "process_started", "device_id": "WS-SJ_01442", "process_name": "cmd.exe"}
{"@timestamp": "2026-02-23T18:03:44.639763", "user_id": "SJ_01303", "user": "최현숙", "department": "테스트랩", "action": "process_started", "device_id": "WS-SJ_01303", "process_name": "cmd.exe"}
{"@timestamp": "2026-02-23T18:03:44.639763", "user_id": "SJ_02930", "user": "권승민", "department": "비서팀", "action": "process_started", "device_id": "WS-SJ_02930", "process_name": "cmd.exe"}
{"@timestamp": "2026-02-23T18:03:44.639763", "user_id": "SJ_00665", "user": "지영호", "department": "서비스운영팀", "action": "malware_detected", "device_id": "WS-SJ_00665", "process_name": "cmd.exe"}
{"@timestamp": "2026-02-24T09:05:32.450047", "user_id": "SJ_00577", "user": "지도윤", "department": "AI플랫폼팀", "action": "file_copy", "device_id": "WS-SJ_00577"}
{"@timestamp": "2026-02-24T09:05:32.450047", "user_id": "SJ_02584", "user": "손지훈", "department": "펌웨어팀", "action": "process_start", "device_id": "WS-SJ_02584"}
{"@timestamp": "2026-02-24T09:05:32.450047", "user_id": "SJ_00133", "user": "강건우", "department": "멀티클라우드팀", "action": "file_copy", "device_id": "WS-SJ_00133"}
{"@timestamp": "2026-02-24T09:05:32.450047", "user_id": "SJ_01802", "user": "최건우", "department": "프리세일즈팀", "action": "process_start", "device_id": "WS-SJ_01802"}
{"@timestamp": "2026-02-24T09:05:32.450047", "user_id": "SJ_00174", "user": "문옥자", "department": "AI플랫폼팀", "action": "process_start", "device_id": "WS-SJ_00174"}
{"@timestamp": "2026-02-24T09:05:37.457032", "user_id": "SJ_02234", "user": "민승현", "department": "SOC팀", "action": "process_start", "device_id": "WS-SJ_02234"}
{"@timestamp": "2026-02-24T09:05:37.457032", "user_id": "SJ_02395", "user": "류채원", "department": "신기술개발팀", "action": "process_start", "device_id": "WS-SJ_02395"}
{"@timestamp": "2026-02-24T09:05:37.457032", "user_id": "SJ_02557", "user": "권영순", "department": "R&D기획팀", "action": "process_start", "device_id": "WS-SJ_02557"}
{"@timestamp": "2026-02-24T09:05:37.457032", "user_id": "SJ_00032", "user": "윤시우", "department": "SOC팀", "action": "process_start", "device_id": "WS-SJ_00032"}
{"@timestamp": "2026-02-24T09:05:37.457032", "user_id": "SJ_01184", "user": "양경숙", "department": "UX리서치팀", "action": "process_start", "device_id": "WS-SJ_01184"}
{"@timestamp": "2026-02-24T09:05:42.465091", "user_id": "SJ_00034", "user": "홍예원", "department": "마켓인사이트팀", "action": "USB_inserted", "device_id": "WS-SJ_00034"}
{"@timestamp": "2026-02-24T09:05:42.465091", "user_id": "SJ_02854", "user": "박영순", "department": "MS Azure팀", "action": "process_start", "device_id": "WS-SJ_02854"}
{"@timestamp": "2026-02-24T09:05:42.465091", "user_id": "SJ_00776", "user": "최영자", "department": "개인정보보호팀", "action": "file_copy", "device_id": "WS-SJ_00776"}
{"@timestamp": "2026-02-24T09:05:42.465091", "user_id": "SJ_02222", "user": "손정남", "department": "B2C영업팀", "action": "file_copy", "device_id": "WS-SJ_02222"}
{"@timestamp": "2026-02-24T09:05:42.465091", "user_id": "SJ_02428", "user": "주영순", "department": "SNS운영팀", "action": "process_start", "device_id": "WS-SJ_02428"}
{"@timestamp": "2026-02-24T09:05:47.470903", "user_id": "SJ_00709", "user": "홍은지", "department": "펌웨어팀", "action": "USB_inserted", "device_id": "WS-SJ_00709"}
{"@timestamp": "2026-02-24T09:05:47.470903", "user_id": "SJ_00968", "user": "고상호", "department": "조달팀", "action": "process_start", "device_id": "WS-SJ_00968"}
{"@timestamp": "2026-02-24T09:05:47.470903", "user_id": "SJ_01059", "user": "서현우", "department": "ML팀", "action": "file_copy", "device_id": "WS-SJ_01059"}
{"@timestamp": "2026-02-24T09:05:47.470903", "user_id": "SJ_01213", "user": "주재현", "department": "AI모델팀", "action": "file_copy", "device_id": "WS-SJ_01213"}
{"@timestamp": "2026-02-24T09:05:47.470903", "user_id": "SJ_01039", "user": "허유진", "department": "정보보호팀", "action": "file_copy", "device_id": "WS-SJ_01039"}
{"@timestamp": "2026-02-24T09:05:52.479304", "user_id": "SJ_00506", "user": "안유진", "department": "AI서비스팀", "action": "file_copy", "device_id": "WS-SJ_00506"}
{"@timestamp": "2026-02-24T09:05:52.479304", "user_id": "SJ_00005", "user": "고보람", "department": "클라우드플랫폼팀", "action": "process_start", "device_id": "WS-SJ_00005"}
{"@timestamp": "2026-02-24T09:05:52.479304", "user_id": "SJ_01926", "user": "서영숙", "department": "바이럴팀", "action": "process_start", "device_id": "WS-SJ_01926"}
{"@timestamp": "2026-02-24T09:05:52.479304", "user_id": "SJ_02978", "user": "김예준", "department": "UX리서치팀", "action": "process_start", "device_id": "WS-SJ_02978"}
{"@timestamp": "2026-02-24T09:05:52.479304", "user_id": "SJ_00163", "user": "장서준", "department": "테크리더팀", "action": "process_start", "device_id": "WS-SJ_00163"}
{"@timestamp": "2026-02-24T09:05:57.486563", "user_id": "SJ_00783", "user": "최정숙", "department": "기술문서팀", "action": "process_start", "device_id": "WS-SJ_00783"}
{"@timestamp": "2026-02-24T09:05:57.486563", "user_id": "SJ_00364", "user": "배정식", "department": "원격지원팀", "action": "process_start", "device_id": "WS-SJ_00364"}
{"@timestamp": "2026-02-24T09:05:57.486563", "user_id": "SJ_00032", "user": "윤시우", "department": "SOC팀", "action": "process_start", "device_id": "WS-SJ_00032"}
{"@timestamp": "2026-02-24T09:05:57.486563", "user_id": "SJ_01447", "user": "고시우", "department": "보안솔루션팀", "action": "process_start", "device_id": "WS-SJ_01447"}
{"@timestamp": "2026-02-24T09:05:57.486563", "user_id": "SJ_02335", "user": "신옥자", "department": "B2C영업팀", "action": "process_start", "device_id": "WS-SJ_02335"}
{"@timestamp": "2026-02-24T09:06:02.493288", "user_id": "SJ_01357", "user": "손서영", "department": "AI플랫폼팀", "action": "process_start", "device_id": "WS-SJ_01357"}
{"@timestamp": "2026-02-24T09:06:02.493288", "user_id": "SJ_00771", "user": "고영순", "department": "B2B영업팀", "action": "process_start", "device_id": "WS-SJ_00771"}
{"@timestamp": "2026-02-24T09:06:02.493288", "user_id": "SJ_00806", "user": "신준영", "department": "개인정보보호팀", "action": "process_start", "device_id": "WS-SJ_00806"}
{"@timestamp": "2026-02-24T09:06:02.493288", "user_id": "SJ_02529", "user": "오예은", "department": "SNS운영팀", "action": "file_copy", "device_id": "WS-SJ_02529"}
{"@timestamp": "2026-02-24T09:06:02.493288", "user_id": "SJ_00189", "user": "홍수빈", "department": "하이브리드클라우드팀", "action": "process_start", "device_id": "WS-SJ_00189"}
{"@timestamp": "2026-02-24T09:06:07.501436", "user_id": "SJ_00390", "user": "이승현", "department": "AWS운영팀", "action": "process_start", "device_id": "WS-SJ_00390"}
{"@timestamp": "2026-02-24T09:06:07.501436", "user_id": "SJ_02915", "user": "백준호", "department": "MS Azure팀", "action": "process_start", "device_id": "WS-SJ_02915"}
{"@timestamp": "2026-02-24T09:06:07.501436", "user_id": "SJ_01276", "user": "김정자", "department": "구매팀", "action": "process_start", "device_id": "WS-SJ_01276"}
{"@timestamp": "2026-02-24T09:06:07.501436", "user_id": "SJ_00845", "user": "이아름", "department": "데이터엔지니어링팀", "action": "process_start", "device_id": "WS-SJ_00845"}
{"@timestamp": "2026-02-24T09:06:07.501436", "user_id": "SJ_01217", "user": "윤예원", "department": "DBA팀", "action": "process_start", "device_id": "WS-SJ_01217"}
{"@timestamp": "2026-02-24T09:06:12.507210", "user_id": "SJ_02169", "user": "차정호", "department": "DevOps팀", "action": "process_start", "device_id": "WS-SJ_02169"}
{"@timestamp": "2026-02-24T09:06:12.507210", "user_id": "SJ_00307", "user": "류지아", "department": "UX리서치팀", "action": "process_start", "device_id": "WS-SJ_00307"}
{"@timestamp": "2026-02-24T09:06:12.507210", "user_id": "SJ_01903", "user": "류은주", "department": "서비스전략팀", "action": "process_start", "device_id": "WS-SJ_01903"}
{"@timestamp": "2026-02-24T09:06:12.507210", "user_id": "SJ_02327", "user": "조영미", "department": "프로젝트관리팀", "action": "process_start", "device_id": "WS-SJ_02327"}
{"@timestamp": "2026-02-24T09:06:12.507210", "user_id": "SJ_00247", "user": "이지현", "department": "프론트엔드팀", "action": "process_start", "device_id": "WS-SJ_00247"}
{"@timestamp": "2026-02-24T09:06:17.516677", "user_id": "SJ_01121", "user": "최채원", "department": "브랜드팀", "action": "process_start", "device_id": "WS-SJ_01121"}
{"@timestamp": "2026-02-24T09:06:17.516677", "user_id": "SJ_02790", "user": "안준혁", "department": "R&D기획팀", "action": "process_start", "device_id": "WS-SJ_02790"}
{"@timestamp": "2026-02-24T09:06:17.516677", "user_id": "SJ_00351", "user": "전아름", "department": "UX리서치팀", "action": "process_start", "device_id": "WS-SJ_00351"}
{"@timestamp": "2026-02-24T09:06:17.516677", "user_id": "SJ_00670", "user": "곽영진", "department": "조달팀", "action": "process_start", "device_id": "WS-SJ_00670"}
{"@timestamp": "2026-02-24T09:06:17.516677", "user_id": "SJ_02447", "user": "서명자", "department": "B2B영업팀", "action": "process_start", "device_id": "WS-SJ_02447"}
{"@timestamp": "2026-02-24T09:06:22.525362", "user_id": "SJ_01148", "user": "황건우", "department": "채널영업팀", "action": "USB_inserted", "device_id": "WS-SJ_01148"}
{"@timestamp": "2026-02-24T09:06:22.525362", "user_id": "SJ_00251", "user": "류민재", "department": "데브섹옵스팀", "action": "process_start", "device_id": "WS-SJ_00251"}
{"@timestamp": "2026-02-24T09:06:22.525362", "user_id": "SJ_02348", "user": "오수빈", "department": "특허관리팀", "action": "process_start", "device_id": "WS-SJ_02348"}
{"@timestamp": "2026-02-24T09:06:22.525362", "user_id": "SJ_00420", "user": "이정남", "department": "B2B영업팀", "action": "process_start", "device_id": "WS-SJ_00420"}
{"@timestamp": "2026-02-24T09:06:22.525362", "user_id": "SJ_02434", "user": "서서영", "department": "총무팀", "action": "process_start", "device_id": "WS-SJ_02434"}
{"@timestamp": "2026-02-24T09:06:27.532876", "user_id": "SJ_00069", "user": "차중수", "department": "데브섹옵스팀", "action": "process_start", "device_id": "WS-SJ_00069"}
{"@timestamp": "2026-02-24T09:06:27.532876", "user_id": "SJ_00573", "user": "민병철", "department": "어플리케이션보안팀", "action": "process_start", "device_id": "WS-SJ_00573"}
{"@timestamp": "2026-02-24T09:06:27.532876", "user_id": "SJ_02593", "user": "류정웅", "department": "구매팀", "action": "process_start", "device_id": "WS-SJ_02593"}
{"@timestamp": "2026-02-24T09:06:27.532876", "user_id": "SJ_00758", "user": "김정순", "department": "광고기획팀", "action": "process_start", "device_id": "WS-SJ_00758"}
{"@timestamp": "2026-02-24T09:06:27.532876", "user_id": "SJ_02062", "user": "최경자", "department": "CRM팀", "action": "process_start", "device_id": "WS-SJ_02062"}
{"@timestamp": "2026-02-24T09:06:32.537330", "user_id": "SJ_01864", "user": "한도현", "department": "DevOps팀", "action": "file_copy", "device_id": "WS-SJ_01864"}
{"@timestamp": "2026-02-24T09:06:32.537330", "user_id": "SJ_00566", "user": "손지현", "department": "총무팀", "action": "process_start", "device_id": "WS-SJ_00566"}
{"@timestamp": "2026-02-24T09:06:32.537330", "user_id": "SJ_02294", "user": "서하은", "department": "고객응대팀", "action": "process_start", "device_id": "WS-SJ_02294"}
{"@timestamp": "2026-02-24T09:06:32.537330", "user_id": "SJ_01398", "user": "고하윤", "department": "인큐베이팅팀", "action": "process_start", "device_id": "WS-SJ_01398"}
{"@timestamp": "2026-02-24T09:06:32.537330", "user_id": "SJ_02570", "user": "송영수", "department": "AI모델팀", "action": "process_start", "device_id": "WS-SJ_02570"}
{"@timestamp": "2026-02-24T09:06:37.544748", "user_id": "SJ_02137", "user": "서상호", "department": "ML팀", "action": "process_start", "device_id": "WS-SJ_02137"}
{"@timestamp": "2026-02-24T09:06:37.544748", "user_id": "SJ_01148", "user": "황건우", "department": "채널영업팀", "action": "file_copy", "device_id": "WS-SJ_01148"}
{"@timestamp": "2026-02-24T09:06:37.544748", "user_id": "SJ_00143", "user": "박경수", "department": "고객응대팀", "action": "file_copy", "device_id": "WS-SJ_00143"}
{"@timestamp": "2026-02-24T09:06:37.544748", "user_id": "SJ_01888", "user": "오정호", "department": "AI모델팀", "action": "process_start", "device_id": "WS-SJ_01888"}
{"@timestamp": "2026-02-24T09:06:37.544748", "user_id": "SJ_00223", "user": "김미숙", "department": "바이럴팀", "action": "process_start", "device_id": "WS-SJ_00223"}
{"@timestamp": "2026-02-24T09:06:42.551272", "user_id": "SJ_02419", "user": "백영철", "department": "SIEM운영팀", "action": "process_start", "device_id": "WS-SJ_02419"}
{"@timestamp": "2026-02-24T09:06:42.551272", "user_id": "SJ_02030", "user": "허은주", "department": "백엔드개발팀", "action": "process_start", "device_id": "WS-SJ_02030"}
{"@timestamp": "2026-02-24T09:06:42.551272", "user_id": "SJ_02405", "user": "이정자", "department": "GCP운영팀", "action": "process_start", "device_id": "WS-SJ_02405"}
{"@timestamp": "2026-02-24T09:06:42.551272", "user_id": "SJ_02000", "user": "서영순", "department": "SOC팀", "action": "USB_inserted", "device_id": "WS-SJ_02000"}
{"@timestamp": "2026-02-24T09:06:42.551272", "user_id": "SJ_02386", "user": "차재현", "department": "R&D기획팀", "action": "process_start", "device_id": "WS-SJ_02386"}
{"@timestamp": "2026-02-24T09:06:47.559823", "user_id": "SJ_01823", "user": "주준서", "department": "보안기획팀", "action": "process_start", "device_id": "WS-SJ_01823"}
{"@timestamp": "2026-02-24T09:06:47.559823", "user_id": "SJ_02499", "user": "성지우", "department": "어플리케이션보안팀", "action": "process_start", "device_id": "WS-SJ_02499"}
{"@timestamp": "2026-02-24T09:06:47.559823", "user_id": "SJ_02218", "user": "백민재", "department": "프로젝트관리팀", "action": "USB_inserted", "device_id": "WS-SJ_02218"}
{"@timestamp": "2026-02-24T09:06:47.559823", "user_id": "SJ_02831", "user": "조진우", "department": "고객경험팀", "action": "process_start", "device_id": "WS-SJ_02831"}
{"@timestamp": "2026-02-24T09:06:47.559823", "user_id": "SJ_01521", "user": "이준혁", "department": "펌웨어팀", "action": "process_start", "device_id": "WS-SJ_01521"}
