[2026-02-26 11:28:38] [INFO] [UEBA] - ==================================================
[2026-02-26 11:28:38] [INFO] [UEBA] - 🚀 차세대 UEBA 백엔드 서버 기동을 시작합니다.
[2026-02-26 11:28:38] [INFO] [UEBA] - ==================================================
[2026-02-26 11:28:38] [INFO] [UEBA] - ✅ 데이터베이스 및 외부 시스템 연결 대기 중...
[2026-02-26 11:30:04] [INFO] [UEBA] - 🛑 서버 종료 신호를 받았습니다. 안전하게 종료합니다.
[2026-02-26 11:30:04] [INFO] [UEBA] - ✅ 모든 백그라운드 태스크 및 DB 연결이 해제되었습니다.
[2026-02-26 11:30:04] [INFO] [UEBA] - ==================================================
[2026-02-26 11:30:04] [INFO] [UEBA] - 🚀 차세대 UEBA 백엔드 서버 기동을 시작합니다.
[2026-02-26 11:30:04] [INFO] [UEBA] - ==================================================
[2026-02-26 11:30:04] [INFO] [UEBA] - ✅ 데이터베이스 및 외부 시스템 연결 대기 중...
[2026-02-26 11:30:08] [INFO] [UEBA] - 🛑 서버 종료 신호를 받았습니다. 안전하게 종료합니다.
[2026-02-26 11:30:08] [INFO] [UEBA] - ✅ 모든 백그라운드 태스크 및 DB 연결이 해제되었습니다.
[2026-02-26 11:30:08] [INFO] [UEBA] - ==================================================
[2026-02-26 11:30:08] [INFO] [UEBA] - 🚀 차세대 UEBA 백엔드 서버 기동을 시작합니다.
[2026-02-26 11:30:08] [INFO] [UEBA] - ==================================================
[2026-02-26 11:30:08] [INFO] [UEBA] - ✅ 데이터베이스 및 외부 시스템 연결 대기 중...
[2026-02-26 12:19:26] [INFO] [UEBA] - 🛑 서버 종료 신호를 받았습니다. 안전하게 종료합니다.
[2026-02-26 12:19:26] [INFO] [UEBA] - ✅ 모든 백그라운드 태스크 및 DB 연결이 해제되었습니다.
[2026-02-26 12:19:27] [INFO] [UEBA] - ✅ 데이터베이스 엔진 초기화 완료
[2026-02-26 12:19:27] [INFO] [UEBA] - ==================================================
[2026-02-26 12:19:27] [INFO] [UEBA] - 🚀 차세대 UEBA 백엔드 서버 기동을 시작합니다.
[2026-02-26 12:19:27] [INFO] [UEBA] - ==================================================
[2026-02-26 12:19:27] [INFO] [UEBA] - ✅ 데이터베이스 테이블 연동 및 확인 완료
[2026-02-26 12:19:41] [INFO] [UEBA] - 🛑 서버 종료 신호를 받았습니다. 안전하게 종료합니다.
[2026-02-26 12:19:41] [INFO] [UEBA] - ✅ 모든 백그라운드 태스크 및 DB 연결이 해제되었습니다.
[2026-02-26 12:20:00] [INFO] [UEBA] - ✅ 데이터베이스 엔진 초기화 완료
[2026-02-26 12:20:00] [INFO] [UEBA] - ==================================================
[2026-02-26 12:20:00] [INFO] [UEBA] - 🚀 차세대 UEBA 백엔드 서버 기동을 시작합니다.
[2026-02-26 12:20:00] [INFO] [UEBA] - ==================================================
[2026-02-26 12:20:00] [INFO] [UEBA] - ✅ 데이터베이스 테이블 연동 및 확인 완료
[2026-02-26 12:47:20] [INFO] [UEBA] - 🛑 서버 종료 신호를 받았습니다. 안전하게 종료합니다.
[2026-02-26 12:47:20] [INFO] [UEBA] - ✅ 모든 백그라운드 태스크 및 DB 연결이 해제되었습니다.
[2026-02-26 12:49:15] [INFO] [UEBA] - ✅ 데이터베이스 엔진 초기화 완료
[2026-02-26 12:59:52] [INFO] [UEBA] - ✅ 데이터베이스 엔진 초기화 완료
[2026-02-26 12:59:52] [INFO] [UEBA] - ✅ 데이터베이스 엔진 초기화 완료
[2026-02-26 13:02:17] [INFO] [UEBA] - ✅ 데이터베이스 엔진 초기화 완료
[2026-02-26 13:02:18] [INFO] [UEBA] - ✅ 데이터베이스 엔진 초기화 완료
[2026-02-26 13:03:21] [INFO] [UEBA] - ✅ 데이터베이스 엔진 초기화 완료
[2026-02-26 13:04:28] [INFO] [UEBA] - ✅ 데이터베이스 엔진 초기화 완료
[2026-02-26 13:09:50] [INFO] [UEBA] - ✅ 데이터베이스 엔진 초기화 완료
[2026-02-26 13:09:50] [INFO] [UEBA] - ✅ 데이터베이스 엔진 초기화 완료
[2026-02-26 13:09:50] [INFO] [UEBA] - ==================================================
[2026-02-26 13:09:50] [INFO] [UEBA] - 🚀 차세대 UEBA 백엔드 서버 기동을 시작합니다.
[2026-02-26 13:09:50] [INFO] [UEBA] - ==================================================
[2026-02-26 13:09:50] [ERROR] [UEBA] - ❌ 데이터베이스 연결 실패 (DB 컨테이너가 켜져 있는지 확인하세요): (psycopg2.OperationalError) connection to server at "127.0.0.1", port 5433 failed: Connection refused
	Is the server running on that host and accepting TCP/IP connections?

(Background on this error at: https://sqlalche.me/e/20/e3q8)
[2026-02-26 13:11:28] [INFO] [UEBA] - 🛑 서버 종료 신호를 받았습니다. 안전하게 종료합니다.
[2026-02-26 13:11:28] [INFO] [UEBA] - ✅ 모든 백그라운드 태스크 및 DB 연결이 해제되었습니다.
[2026-02-26 13:11:28] [INFO] [UEBA] - ✅ 데이터베이스 엔진 초기화 완료
[2026-02-26 13:11:28] [INFO] [UEBA] - ==================================================
[2026-02-26 13:11:28] [INFO] [UEBA] - 🚀 차세대 UEBA 백엔드 서버 기동을 시작합니다.
[2026-02-26 13:11:28] [INFO] [UEBA] - ==================================================
[2026-02-26 13:11:28] [INFO] [UEBA] - ✅ 데이터베이스 테이블 연동 및 확인 완료
[2026-02-26 13:11:48] [INFO] [UEBA] - 🛑 서버 종료 신호를 받았습니다. 안전하게 종료합니다.
[2026-02-26 13:11:48] [INFO] [UEBA] - ✅ 모든 백그라운드 태스크 및 DB 연결이 해제되었습니다.
[2026-02-26 13:11:48] [INFO] [UEBA] - ✅ 데이터베이스 엔진 초기화 완료
[2026-02-26 13:11:48] [INFO] [UEBA] - ==================================================
[2026-02-26 13:11:48] [INFO] [UEBA] - 🚀 차세대 UEBA 백엔드 서버 기동을 시작합니다.
[2026-02-26 13:11:48] [INFO] [UEBA] - ==================================================
[2026-02-26 13:11:48] [INFO] [UEBA] - ✅ 데이터베이스 테이블 연동 및 확인 완료
[2026-02-26 13:12:32] [INFO] [UEBA] - 🛑 서버 종료 신호를 받았습니다. 안전하게 종료합니다.
[2026-02-26 13:12:32] [INFO] [UEBA] - ✅ 모든 백그라운드 태스크 및 DB 연결이 해제되었습니다.
[2026-02-26 13:12:32] [INFO] [UEBA] - ✅ 데이터베이스 엔진 초기화 완료
[2026-02-26 13:12:32] [INFO] [UEBA] - ==================================================
[2026-02-26 13:12:32] [INFO] [UEBA] - 🚀 차세대 UEBA 백엔드 서버 기동을 시작합니다.
[2026-02-26 13:12:32] [INFO] [UEBA] - ==================================================
[2026-02-26 13:12:32] [INFO] [UEBA] - ✅ 데이터베이스 테이블 연동 및 확인 완료
[2026-02-26 13:23:12] [INFO] [UEBA] - 🛑 서버 종료 신호를 받았습니다. 안전하게 종료합니다.
[2026-02-26 13:23:12] [INFO] [UEBA] - ✅ 모든 백그라운드 태스크 및 DB 연결이 해제되었습니다.
[2026-02-26 13:24:20] [INFO] [UEBA] - ✅ 데이터베이스 엔진 초기화 완료
[2026-02-26 13:24:21] [INFO] [UEBA] - ✅ 데이터베이스 엔진 초기화 완료
[2026-02-26 13:24:21] [INFO] [UEBA] - ==================================================
[2026-02-26 13:24:21] [INFO] [UEBA] - 🚀 차세대 UEBA 백엔드 서버 기동을 시작합니다.
[2026-02-26 13:24:21] [INFO] [UEBA] - ==================================================
[2026-02-26 13:24:21] [INFO] [UEBA] - ✅ 데이터베이스 테이블 연동 및 확인 완료
[2026-02-26 13:25:59] [INFO] [UEBA] - 🛑 서버 종료 신호를 받았습니다. 안전하게 종료합니다.
[2026-02-26 13:25:59] [INFO] [UEBA] - ✅ 모든 백그라운드 태스크 및 DB 연결이 해제되었습니다.
[2026-02-26 13:26:01] [INFO] [UEBA] - ✅ 데이터베이스 엔진 초기화 완료
[2026-02-26 13:26:02] [INFO] [UEBA] - ✅ 데이터베이스 엔진 초기화 완료
[2026-02-26 13:26:02] [INFO] [UEBA] - ==================================================
[2026-02-26 13:26:02] [INFO] [UEBA] - 🚀 차세대 UEBA 백엔드 서버 기동을 시작합니다.
[2026-02-26 13:26:02] [INFO] [UEBA] - ==================================================
[2026-02-26 13:26:02] [INFO] [UEBA] - ✅ 데이터베이스 테이블 연동 및 확인 완료
[2026-02-26 13:31:00] [INFO] [UEBA] - 🛑 서버 종료 신호를 받았습니다. 안전하게 종료합니다.
[2026-02-26 13:31:00] [INFO] [UEBA] - ✅ 모든 백그라운드 태스크 및 DB 연결이 해제되었습니다.
[2026-02-26 13:31:01] [INFO] [UEBA] - ✅ 데이터베이스 엔진 초기화 완료
[2026-02-26 13:31:01] [INFO] [UEBA] - ==================================================
[2026-02-26 13:31:01] [INFO] [UEBA] - 🚀 차세대 UEBA 백엔드 서버 기동을 시작합니다.
[2026-02-26 13:31:01] [INFO] [UEBA] - ==================================================
[2026-02-26 13:31:01] [INFO] [UEBA] - ✅ 데이터베이스 테이블 연동 및 확인 완료
[2026-02-26 13:31:21] [INFO] [UEBA] - 🛑 서버 종료 신호를 받았습니다. 안전하게 종료합니다.
[2026-02-26 13:31:21] [INFO] [UEBA] - ✅ 모든 백그라운드 태스크 및 DB 연결이 해제되었습니다.
[2026-02-26 13:31:21] [INFO] [UEBA] - ✅ 데이터베이스 엔진 초기화 완료
[2026-02-26 13:31:21] [INFO] [UEBA] - ==================================================
[2026-02-26 13:31:21] [INFO] [UEBA] - 🚀 차세대 UEBA 백엔드 서버 기동을 시작합니다.
[2026-02-26 13:31:21] [INFO] [UEBA] - ==================================================
[2026-02-26 13:31:21] [INFO] [UEBA] - ✅ 데이터베이스 테이블 연동 및 확인 완료
[2026-02-26 13:36:52] [INFO] [UEBA] - 🛑 서버 종료 신호를 받았습니다. 안전하게 종료합니다.
[2026-02-26 13:36:52] [INFO] [UEBA] - ✅ 모든 백그라운드 태스크 및 DB 연결이 해제되었습니다.
[2026-02-26 13:36:54] [INFO] [UEBA] - ✅ 데이터베이스 엔진 초기화 완료
[2026-02-26 13:36:54] [INFO] [UEBA] - ✅ 데이터베이스 엔진 초기화 완료
[2026-02-26 13:36:54] [INFO] [UEBA] - ==================================================
[2026-02-26 13:36:54] [INFO] [UEBA] - 🚀 차세대 UEBA 백엔드 서버 기동을 시작합니다.
[2026-02-26 13:36:54] [INFO] [UEBA] - ==================================================
[2026-02-26 13:36:54] [INFO] [UEBA] - ✅ 데이터베이스 테이블 연동 및 확인 완료
[2026-02-26 13:37:14] [INFO] [UEBA] - Health check API가 호출되었습니다.
[2026-02-26 15:07:26] [INFO] [UEBA] - Health check API가 호출되었습니다.
[2026-02-26 15:27:58] [INFO] [UEBA] - 🛑 서버 종료 신호를 받았습니다. 안전하게 종료합니다.
[2026-02-26 15:27:58] [INFO] [UEBA] - ✅ 모든 백그라운드 태스크 및 DB 연결이 해제되었습니다.
[2026-02-26 15:27:58] [INFO] [UEBA] - ✅ 데이터베이스 엔진 초기화 완료
[2026-02-26 15:27:58] [INFO] [UEBA] - ==================================================
[2026-02-26 15:27:58] [INFO] [UEBA] - 🚀 차세대 UEBA 백엔드 서버 기동을 시작합니다.
[2026-02-26 15:27:58] [INFO] [UEBA] - ==================================================
[2026-02-26 15:27:58] [INFO] [UEBA] - ✅ 데이터베이스 테이블 연동 및 확인 완료
[2026-02-26 15:28:10] [INFO] [UEBA] - 🛑 서버 종료 신호를 받았습니다. 안전하게 종료합니다.
[2026-02-26 15:28:10] [INFO] [UEBA] - ✅ 모든 백그라운드 태스크 및 DB 연결이 해제되었습니다.
[2026-02-26 15:28:11] [INFO] [UEBA] - ✅ 데이터베이스 엔진 초기화 완료
[2026-02-26 15:28:12] [INFO] [UEBA] - ✅ 데이터베이스 엔진 초기화 완료
[2026-02-26 15:28:12] [INFO] [UEBA] - ==================================================
[2026-02-26 15:28:12] [INFO] [UEBA] - 🚀 차세대 UEBA 백엔드 서버 기동을 시작합니다.
[2026-02-26 15:28:12] [INFO] [UEBA] - ==================================================
[2026-02-26 15:28:12] [INFO] [UEBA] - ✅ 데이터베이스 테이블 연동 및 확인 완료
[2026-02-26 15:28:18] [INFO] [UEBA] - Health check API가 호출되었습니다.
[2026-02-26 15:28:19] [INFO] [UEBA] - Health check API가 호출되었습니다.
[2026-02-26 15:38:20] [INFO] [UEBA] - Health check API가 호출되었습니다.
[2026-02-26 15:54:11] [INFO] [UEBA] - 🛑 서버 종료 신호를 받았습니다. 안전하게 종료합니다.
[2026-02-26 15:54:11] [INFO] [UEBA] - ✅ 모든 백그라운드 태스크 및 DB 연결이 해제되었습니다.
[2026-02-26 15:54:11] [INFO] [UEBA] - ✅ 데이터베이스 엔진 초기화 완료
[2026-02-26 15:54:11] [INFO] [UEBA] - ==================================================
[2026-02-26 15:54:11] [INFO] [UEBA] - 🚀 차세대 UEBA 백엔드 서버 기동을 시작합니다.
[2026-02-26 15:54:11] [INFO] [UEBA] - ==================================================
[2026-02-26 15:54:11] [INFO] [UEBA] - ✅ 데이터베이스 테이블 연동 및 확인 완료
[2026-02-26 15:55:07] [INFO] [UEBA] - 🛑 서버 종료 신호를 받았습니다. 안전하게 종료합니다.
[2026-02-26 15:55:07] [INFO] [UEBA] - ✅ 모든 백그라운드 태스크 및 DB 연결이 해제되었습니다.
[2026-02-26 15:55:08] [INFO] [UEBA] - ✅ 데이터베이스 엔진 초기화 완료
[2026-02-26 15:55:08] [INFO] [UEBA] - ==================================================
[2026-02-26 15:55:08] [INFO] [UEBA] - 🚀 차세대 UEBA 백엔드 서버 기동을 시작합니다.
[2026-02-26 15:55:08] [INFO] [UEBA] - ==================================================
[2026-02-26 15:55:08] [INFO] [UEBA] - ✅ 데이터베이스 테이블 연동 및 확인 완료
[2026-02-26 15:55:42] [INFO] [UEBA] - 🛑 서버 종료 신호를 받았습니다. 안전하게 종료합니다.
[2026-02-26 15:55:42] [INFO] [UEBA] - ✅ 모든 백그라운드 태스크 및 DB 연결이 해제되었습니다.
[2026-02-26 15:55:43] [INFO] [UEBA] - ✅ 데이터베이스 엔진 초기화 완료
[2026-02-26 15:55:43] [INFO] [UEBA] - ==================================================
[2026-02-26 15:55:43] [INFO] [UEBA] - 🚀 차세대 UEBA 백엔드 서버 기동을 시작합니다.
[2026-02-26 15:55:43] [INFO] [UEBA] - ==================================================
[2026-02-26 15:55:43] [INFO] [UEBA] - ✅ 데이터베이스 테이블 연동 및 확인 완료
[2026-02-26 15:55:59] [INFO] [UEBA] - 🛑 서버 종료 신호를 받았습니다. 안전하게 종료합니다.
[2026-02-26 15:55:59] [INFO] [UEBA] - ✅ 모든 백그라운드 태스크 및 DB 연결이 해제되었습니다.
[2026-02-26 15:56:00] [INFO] [UEBA] - ✅ 데이터베이스 엔진 초기화 완료
[2026-02-26 15:56:00] [INFO] [UEBA] - ==================================================
[2026-02-26 15:56:00] [INFO] [UEBA] - 🚀 차세대 UEBA 백엔드 서버 기동을 시작합니다.
[2026-02-26 15:56:00] [INFO] [UEBA] - ==================================================
[2026-02-26 15:56:00] [INFO] [UEBA] - ✅ 데이터베이스 테이블 연동 및 확인 완료
[2026-02-26 15:56:17] [INFO] [UEBA] - 🛑 서버 종료 신호를 받았습니다. 안전하게 종료합니다.
[2026-02-26 15:56:17] [INFO] [UEBA] - ✅ 모든 백그라운드 태스크 및 DB 연결이 해제되었습니다.
[2026-02-26 15:56:17] [INFO] [UEBA] - ✅ 데이터베이스 엔진 초기화 완료
[2026-02-26 15:56:17] [INFO] [UEBA] - ==================================================
[2026-02-26 15:56:17] [INFO] [UEBA] - 🚀 차세대 UEBA 백엔드 서버 기동을 시작합니다.
[2026-02-26 15:56:17] [INFO] [UEBA] - ==================================================
[2026-02-26 15:56:17] [INFO] [UEBA] - ✅ 데이터베이스 테이블 연동 및 확인 완료
[2026-02-26 15:56:30] [INFO] [UEBA] - 🛑 서버 종료 신호를 받았습니다. 안전하게 종료합니다.
[2026-02-26 15:56:30] [INFO] [UEBA] - ✅ 모든 백그라운드 태스크 및 DB 연결이 해제되었습니다.
[2026-02-26 15:56:30] [INFO] [UEBA] - ✅ 데이터베이스 엔진 초기화 완료
[2026-02-26 15:56:30] [INFO] [UEBA] - ==================================================
[2026-02-26 15:56:30] [INFO] [UEBA] - 🚀 차세대 UEBA 백엔드 서버 기동을 시작합니다.
[2026-02-26 15:56:30] [INFO] [UEBA] - ==================================================
[2026-02-26 15:56:30] [INFO] [UEBA] - ✅ 데이터베이스 테이블 연동 및 확인 완료
[2026-02-26 15:56:58] [INFO] [UEBA] - 🛑 서버 종료 신호를 받았습니다. 안전하게 종료합니다.
[2026-02-26 15:56:58] [INFO] [UEBA] - ✅ 모든 백그라운드 태스크 및 DB 연결이 해제되었습니다.
[2026-02-26 15:56:59] [INFO] [UEBA] - ✅ 데이터베이스 엔진 초기화 완료
[2026-02-26 15:56:59] [INFO] [UEBA] - ==================================================
[2026-02-26 15:56:59] [INFO] [UEBA] - 🚀 차세대 UEBA 백엔드 서버 기동을 시작합니다.
[2026-02-26 15:56:59] [INFO] [UEBA] - ==================================================
[2026-02-26 15:56:59] [INFO] [UEBA] - ✅ 데이터베이스 테이블 연동 및 확인 완료
[2026-02-26 15:57:08] [INFO] [UEBA] - 🛑 서버 종료 신호를 받았습니다. 안전하게 종료합니다.
[2026-02-26 15:57:08] [INFO] [UEBA] - ✅ 모든 백그라운드 태스크 및 DB 연결이 해제되었습니다.
[2026-02-26 15:57:08] [INFO] [UEBA] - ✅ 데이터베이스 엔진 초기화 완료
[2026-02-26 15:57:08] [INFO] [UEBA] - ==================================================
[2026-02-26 15:57:08] [INFO] [UEBA] - 🚀 차세대 UEBA 백엔드 서버 기동을 시작합니다.
[2026-02-26 15:57:08] [INFO] [UEBA] - ==================================================
[2026-02-26 15:57:08] [INFO] [UEBA] - ✅ 데이터베이스 테이블 연동 및 확인 완료
[2026-02-26 15:57:18] [INFO] [UEBA] - 🛑 서버 종료 신호를 받았습니다. 안전하게 종료합니다.
[2026-02-26 15:57:18] [INFO] [UEBA] - ✅ 모든 백그라운드 태스크 및 DB 연결이 해제되었습니다.
[2026-02-26 15:57:19] [INFO] [UEBA] - ✅ 데이터베이스 엔진 초기화 완료
[2026-02-26 15:57:19] [INFO] [UEBA] - ==================================================
[2026-02-26 15:57:19] [INFO] [UEBA] - 🚀 차세대 UEBA 백엔드 서버 기동을 시작합니다.
[2026-02-26 15:57:19] [INFO] [UEBA] - ==================================================
[2026-02-26 15:57:19] [INFO] [UEBA] - ✅ 데이터베이스 테이블 연동 및 확인 완료
[2026-02-26 15:57:28] [INFO] [UEBA] - 🛑 서버 종료 신호를 받았습니다. 안전하게 종료합니다.
[2026-02-26 15:57:28] [INFO] [UEBA] - ✅ 모든 백그라운드 태스크 및 DB 연결이 해제되었습니다.
[2026-02-26 15:57:28] [INFO] [UEBA] - ✅ 데이터베이스 엔진 초기화 완료
[2026-02-26 15:57:28] [INFO] [UEBA] - ==================================================
[2026-02-26 15:57:28] [INFO] [UEBA] - 🚀 차세대 UEBA 백엔드 서버 기동을 시작합니다.
[2026-02-26 15:57:28] [INFO] [UEBA] - ==================================================
[2026-02-26 15:57:29] [INFO] [UEBA] - ✅ 데이터베이스 테이블 연동 및 확인 완료
[2026-02-26 15:57:43] [INFO] [UEBA] - 🛑 서버 종료 신호를 받았습니다. 안전하게 종료합니다.
[2026-02-26 15:57:43] [INFO] [UEBA] - ✅ 모든 백그라운드 태스크 및 DB 연결이 해제되었습니다.
[2026-02-26 15:57:43] [INFO] [UEBA] - ✅ 데이터베이스 엔진 초기화 완료
[2026-02-26 15:57:43] [INFO] [UEBA] - ==================================================
[2026-02-26 15:57:43] [INFO] [UEBA] - 🚀 차세대 UEBA 백엔드 서버 기동을 시작합니다.
[2026-02-26 15:57:43] [INFO] [UEBA] - ==================================================
[2026-02-26 15:57:43] [INFO] [UEBA] - ✅ 데이터베이스 테이블 연동 및 확인 완료
[2026-02-26 15:57:54] [INFO] [UEBA] - 🛑 서버 종료 신호를 받았습니다. 안전하게 종료합니다.
[2026-02-26 15:57:54] [INFO] [UEBA] - ✅ 모든 백그라운드 태스크 및 DB 연결이 해제되었습니다.
[2026-02-26 15:57:54] [INFO] [UEBA] - ✅ 데이터베이스 엔진 초기화 완료
[2026-02-26 15:57:54] [INFO] [UEBA] - ==================================================
[2026-02-26 15:57:54] [INFO] [UEBA] - 🚀 차세대 UEBA 백엔드 서버 기동을 시작합니다.
[2026-02-26 15:57:54] [INFO] [UEBA] - ==================================================
[2026-02-26 15:57:54] [INFO] [UEBA] - ✅ 데이터베이스 테이블 연동 및 확인 완료
[2026-02-26 15:58:17] [INFO] [UEBA] - 🛑 서버 종료 신호를 받았습니다. 안전하게 종료합니다.
[2026-02-26 15:58:17] [INFO] [UEBA] - ✅ 모든 백그라운드 태스크 및 DB 연결이 해제되었습니다.
[2026-02-26 15:58:18] [INFO] [UEBA] - ✅ 데이터베이스 엔진 초기화 완료
[2026-02-26 15:58:18] [INFO] [UEBA] - ==================================================
[2026-02-26 15:58:18] [INFO] [UEBA] - 🚀 차세대 UEBA 백엔드 서버 기동을 시작합니다.
[2026-02-26 15:58:18] [INFO] [UEBA] - ==================================================
[2026-02-26 15:58:18] [INFO] [UEBA] - ✅ 데이터베이스 테이블 연동 및 확인 완료
[2026-02-26 15:58:21] [INFO] [UEBA] - 🛑 서버 종료 신호를 받았습니다. 안전하게 종료합니다.
[2026-02-26 15:58:21] [INFO] [UEBA] - ✅ 모든 백그라운드 태스크 및 DB 연결이 해제되었습니다.
[2026-02-26 15:58:22] [INFO] [UEBA] - ✅ 데이터베이스 엔진 초기화 완료
[2026-02-26 15:58:22] [INFO] [UEBA] - ==================================================
[2026-02-26 15:58:22] [INFO] [UEBA] - 🚀 차세대 UEBA 백엔드 서버 기동을 시작합니다.
[2026-02-26 15:58:22] [INFO] [UEBA] - ==================================================
[2026-02-26 15:58:22] [INFO] [UEBA] - ✅ 데이터베이스 테이블 연동 및 확인 완료
[2026-02-26 15:58:32] [INFO] [UEBA] - 🛑 서버 종료 신호를 받았습니다. 안전하게 종료합니다.
[2026-02-26 15:58:32] [INFO] [UEBA] - ✅ 모든 백그라운드 태스크 및 DB 연결이 해제되었습니다.
[2026-02-26 15:58:33] [INFO] [UEBA] - ✅ 데이터베이스 엔진 초기화 완료
[2026-02-26 15:58:33] [INFO] [UEBA] - ==================================================
[2026-02-26 15:58:33] [INFO] [UEBA] - 🚀 차세대 UEBA 백엔드 서버 기동을 시작합니다.
[2026-02-26 15:58:33] [INFO] [UEBA] - ==================================================
[2026-02-26 15:58:33] [INFO] [UEBA] - ✅ 데이터베이스 테이블 연동 및 확인 완료
[2026-02-26 15:58:35] [INFO] [UEBA] - 🛑 서버 종료 신호를 받았습니다. 안전하게 종료합니다.
[2026-02-26 15:58:35] [INFO] [UEBA] - ✅ 모든 백그라운드 태스크 및 DB 연결이 해제되었습니다.
[2026-02-26 15:58:36] [INFO] [UEBA] - ✅ 데이터베이스 엔진 초기화 완료
[2026-02-26 15:58:36] [INFO] [UEBA] - ==================================================
[2026-02-26 15:58:36] [INFO] [UEBA] - 🚀 차세대 UEBA 백엔드 서버 기동을 시작합니다.
[2026-02-26 15:58:36] [INFO] [UEBA] - ==================================================
[2026-02-26 15:58:36] [INFO] [UEBA] - ✅ 데이터베이스 테이블 연동 및 확인 완료
[2026-02-26 15:58:47] [INFO] [UEBA] - 🛑 서버 종료 신호를 받았습니다. 안전하게 종료합니다.
[2026-02-26 15:58:47] [INFO] [UEBA] - ✅ 모든 백그라운드 태스크 및 DB 연결이 해제되었습니다.
[2026-02-26 15:58:47] [INFO] [UEBA] - ✅ 데이터베이스 엔진 초기화 완료
[2026-02-26 15:58:47] [INFO] [UEBA] - ==================================================
[2026-02-26 15:58:47] [INFO] [UEBA] - 🚀 차세대 UEBA 백엔드 서버 기동을 시작합니다.
[2026-02-26 15:58:47] [INFO] [UEBA] - ==================================================
[2026-02-26 15:58:47] [INFO] [UEBA] - ✅ 데이터베이스 테이블 연동 및 확인 완료
[2026-02-26 15:58:50] [INFO] [UEBA] - 🛑 서버 종료 신호를 받았습니다. 안전하게 종료합니다.
[2026-02-26 15:58:50] [INFO] [UEBA] - ✅ 모든 백그라운드 태스크 및 DB 연결이 해제되었습니다.
[2026-02-26 15:58:51] [INFO] [UEBA] - ✅ 데이터베이스 엔진 초기화 완료
[2026-02-26 15:58:51] [INFO] [UEBA] - ==================================================
[2026-02-26 15:58:51] [INFO] [UEBA] - 🚀 차세대 UEBA 백엔드 서버 기동을 시작합니다.
[2026-02-26 15:58:51] [INFO] [UEBA] - ==================================================
[2026-02-26 15:58:51] [INFO] [UEBA] - ✅ 데이터베이스 테이블 연동 및 확인 완료
[2026-02-26 15:59:30] [INFO] [UEBA] - 🛑 서버 종료 신호를 받았습니다. 안전하게 종료합니다.
[2026-02-26 15:59:30] [INFO] [UEBA] - ✅ 모든 백그라운드 태스크 및 DB 연결이 해제되었습니다.
[2026-02-26 15:59:31] [INFO] [UEBA] - ✅ 데이터베이스 엔진 초기화 완료
[2026-02-26 15:59:40] [INFO] [UEBA] - ✅ 데이터베이스 엔진 초기화 완료
[2026-02-26 16:01:36] [INFO] [UEBA] - ✅ 데이터베이스 엔진 초기화 완료
[2026-02-26 16:08:28] [INFO] [UEBA] - ✅ 데이터베이스 엔진 초기화 완료
[2026-02-26 16:08:29] [INFO] [UEBA] - ✅ 데이터베이스 엔진 초기화 완료
[2026-02-26 16:08:29] [INFO] [UEBA] - ==================================================
[2026-02-26 16:08:29] [INFO] [UEBA] - 🚀 차세대 UEBA 백엔드 서버 기동을 시작합니다.
[2026-02-26 16:08:29] [INFO] [UEBA] - ==================================================
[2026-02-26 16:08:29] [INFO] [UEBA] - ✅ 데이터베이스 테이블 연동 및 확인 완료
[2026-02-26 16:09:59] [INFO] [UEBA] - Health check API가 호출되었습니다.
[2026-02-26 16:11:18] [INFO] [UEBA] - Health check API가 호출되었습니다.
[2026-02-26 16:12:05] [INFO] [UEBA] - Health check API가 호출되었습니다.
[2026-02-26 16:12:13] [INFO] [UEBA] - Health check API가 호출되었습니다.
[2026-02-26 16:22:28] [INFO] [UEBA] - 🛑 서버 종료 신호를 받았습니다. 안전하게 종료합니다.
[2026-02-26 16:22:28] [INFO] [UEBA] - ✅ 모든 백그라운드 태스크 및 DB 연결이 해제되었습니다.
[2026-02-26 16:22:29] [INFO] [UEBA] - ✅ 데이터베이스 엔진 초기화 완료
[2026-02-26 16:22:29] [INFO] [UEBA] - ==================================================
[2026-02-26 16:22:29] [INFO] [UEBA] - 🚀 차세대 UEBA 백엔드 서버 기동을 시작합니다.
[2026-02-26 16:22:29] [INFO] [UEBA] - ==================================================
[2026-02-26 16:22:29] [INFO] [UEBA] - ✅ 데이터베이스 테이블 연동 및 확인 완료
[2026-02-26 16:22:34] [INFO] [UEBA] - 🛑 서버 종료 신호를 받았습니다. 안전하게 종료합니다.
[2026-02-26 16:22:34] [INFO] [UEBA] - ✅ 모든 백그라운드 태스크 및 DB 연결이 해제되었습니다.
[2026-02-26 16:22:34] [INFO] [UEBA] - ✅ 데이터베이스 엔진 초기화 완료
[2026-02-26 16:22:34] [INFO] [UEBA] - ==================================================
[2026-02-26 16:22:34] [INFO] [UEBA] - 🚀 차세대 UEBA 백엔드 서버 기동을 시작합니다.
[2026-02-26 16:22:34] [INFO] [UEBA] - ==================================================
[2026-02-26 16:22:34] [INFO] [UEBA] - ✅ 데이터베이스 테이블 연동 및 확인 완료
[2026-02-26 16:22:40] [INFO] [UEBA] - 🛑 서버 종료 신호를 받았습니다. 안전하게 종료합니다.
[2026-02-26 16:22:40] [INFO] [UEBA] - ✅ 모든 백그라운드 태스크 및 DB 연결이 해제되었습니다.
[2026-02-26 16:22:41] [INFO] [UEBA] - ✅ 데이터베이스 엔진 초기화 완료
[2026-02-26 16:22:41] [INFO] [UEBA] - ==================================================
[2026-02-26 16:22:41] [INFO] [UEBA] - 🚀 차세대 UEBA 백엔드 서버 기동을 시작합니다.
[2026-02-26 16:22:41] [INFO] [UEBA] - ==================================================
[2026-02-26 16:22:41] [INFO] [UEBA] - ✅ 데이터베이스 테이블 연동 및 확인 완료
[2026-02-26 16:22:47] [INFO] [UEBA] - 🛑 서버 종료 신호를 받았습니다. 안전하게 종료합니다.
[2026-02-26 16:22:47] [INFO] [UEBA] - ✅ 모든 백그라운드 태스크 및 DB 연결이 해제되었습니다.
[2026-02-26 16:22:48] [INFO] [UEBA] - ✅ 데이터베이스 엔진 초기화 완료
[2026-02-26 16:22:48] [INFO] [UEBA] - ==================================================
[2026-02-26 16:22:48] [INFO] [UEBA] - 🚀 차세대 UEBA 백엔드 서버 기동을 시작합니다.
[2026-02-26 16:22:48] [INFO] [UEBA] - ==================================================
[2026-02-26 16:22:48] [INFO] [UEBA] - ✅ 데이터베이스 테이블 연동 및 확인 완료
[2026-02-26 16:22:53] [INFO] [UEBA] - 🛑 서버 종료 신호를 받았습니다. 안전하게 종료합니다.
[2026-02-26 16:22:53] [INFO] [UEBA] - ✅ 모든 백그라운드 태스크 및 DB 연결이 해제되었습니다.
[2026-02-26 16:22:53] [INFO] [UEBA] - ✅ 데이터베이스 엔진 초기화 완료
[2026-02-26 16:22:53] [INFO] [UEBA] - ==================================================
[2026-02-26 16:22:53] [INFO] [UEBA] - 🚀 차세대 UEBA 백엔드 서버 기동을 시작합니다.
[2026-02-26 16:22:53] [INFO] [UEBA] - ==================================================
[2026-02-26 16:22:53] [INFO] [UEBA] - ✅ 데이터베이스 테이블 연동 및 확인 완료
[2026-02-26 16:22:56] [INFO] [UEBA] - 🛑 서버 종료 신호를 받았습니다. 안전하게 종료합니다.
[2026-02-26 16:22:56] [INFO] [UEBA] - ✅ 모든 백그라운드 태스크 및 DB 연결이 해제되었습니다.
[2026-02-26 16:22:57] [INFO] [UEBA] - ✅ 데이터베이스 엔진 초기화 완료
[2026-02-26 16:22:57] [INFO] [UEBA] - ==================================================
[2026-02-26 16:22:57] [INFO] [UEBA] - 🚀 차세대 UEBA 백엔드 서버 기동을 시작합니다.
[2026-02-26 16:22:57] [INFO] [UEBA] - ==================================================
[2026-02-26 16:22:57] [INFO] [UEBA] - ✅ 데이터베이스 테이블 연동 및 확인 완료
[2026-02-26 16:23:56] [INFO] [UEBA] - 🛑 서버 종료 신호를 받았습니다. 안전하게 종료합니다.
[2026-02-26 16:23:56] [INFO] [UEBA] - ✅ 모든 백그라운드 태스크 및 DB 연결이 해제되었습니다.
[2026-02-26 16:23:57] [INFO] [UEBA] - ✅ 데이터베이스 엔진 초기화 완료
[2026-02-26 16:23:57] [INFO] [UEBA] - ==================================================
[2026-02-26 16:23:57] [INFO] [UEBA] - 🚀 차세대 UEBA 백엔드 서버 기동을 시작합니다.
[2026-02-26 16:23:57] [INFO] [UEBA] - ==================================================
[2026-02-26 16:23:57] [INFO] [UEBA] - ✅ 데이터베이스 테이블 연동 및 확인 완료
[2026-02-26 16:24:06] [INFO] [UEBA] - 🛑 서버 종료 신호를 받았습니다. 안전하게 종료합니다.
[2026-02-26 16:24:06] [INFO] [UEBA] - ✅ 모든 백그라운드 태스크 및 DB 연결이 해제되었습니다.
[2026-02-26 16:24:06] [INFO] [UEBA] - ✅ 데이터베이스 엔진 초기화 완료
[2026-02-26 16:24:06] [INFO] [UEBA] - ==================================================
[2026-02-26 16:24:06] [INFO] [UEBA] - 🚀 차세대 UEBA 백엔드 서버 기동을 시작합니다.
[2026-02-26 16:24:06] [INFO] [UEBA] - ==================================================
[2026-02-26 16:24:06] [INFO] [UEBA] - ✅ 데이터베이스 테이블 연동 및 확인 완료
[2026-02-26 16:24:15] [INFO] [UEBA] - 🛑 서버 종료 신호를 받았습니다. 안전하게 종료합니다.
[2026-02-26 16:24:15] [INFO] [UEBA] - ✅ 모든 백그라운드 태스크 및 DB 연결이 해제되었습니다.
[2026-02-26 16:24:16] [INFO] [UEBA] - ✅ 데이터베이스 엔진 초기화 완료
[2026-02-26 16:24:16] [INFO] [UEBA] - ==================================================
[2026-02-26 16:24:16] [INFO] [UEBA] - 🚀 차세대 UEBA 백엔드 서버 기동을 시작합니다.
[2026-02-26 16:24:16] [INFO] [UEBA] - ==================================================
[2026-02-26 16:24:16] [INFO] [UEBA] - ✅ 데이터베이스 테이블 연동 및 확인 완료
[2026-02-26 16:24:22] [INFO] [UEBA] - 🛑 서버 종료 신호를 받았습니다. 안전하게 종료합니다.
[2026-02-26 16:24:22] [INFO] [UEBA] - ✅ 모든 백그라운드 태스크 및 DB 연결이 해제되었습니다.
[2026-02-26 16:24:23] [INFO] [UEBA] - ✅ 데이터베이스 엔진 초기화 완료
[2026-02-26 16:24:23] [INFO] [UEBA] - ==================================================
[2026-02-26 16:24:23] [INFO] [UEBA] - 🚀 차세대 UEBA 백엔드 서버 기동을 시작합니다.
[2026-02-26 16:24:23] [INFO] [UEBA] - ==================================================
[2026-02-26 16:24:23] [INFO] [UEBA] - ✅ 데이터베이스 테이블 연동 및 확인 완료
[2026-02-26 16:24:30] [INFO] [UEBA] - 🛑 서버 종료 신호를 받았습니다. 안전하게 종료합니다.
[2026-02-26 16:24:30] [INFO] [UEBA] - ✅ 모든 백그라운드 태스크 및 DB 연결이 해제되었습니다.
[2026-02-26 16:24:30] [INFO] [UEBA] - ✅ 데이터베이스 엔진 초기화 완료
[2026-02-26 16:24:30] [INFO] [UEBA] - ==================================================
[2026-02-26 16:24:30] [INFO] [UEBA] - 🚀 차세대 UEBA 백엔드 서버 기동을 시작합니다.
[2026-02-26 16:24:30] [INFO] [UEBA] - ==================================================
[2026-02-26 16:24:30] [INFO] [UEBA] - ✅ 데이터베이스 테이블 연동 및 확인 완료
[2026-02-26 16:25:57] [INFO] [UEBA] - 🛑 서버 종료 신호를 받았습니다. 안전하게 종료합니다.
[2026-02-26 16:25:57] [INFO] [UEBA] - ✅ 모든 백그라운드 태스크 및 DB 연결이 해제되었습니다.
[2026-02-26 16:25:58] [INFO] [UEBA] - ✅ 데이터베이스 엔진 초기화 완료
[2026-02-26 16:25:58] [INFO] [UEBA] - ==================================================
[2026-02-26 16:25:58] [INFO] [UEBA] - 🚀 차세대 UEBA 백엔드 서버 기동을 시작합니다.
[2026-02-26 16:25:58] [INFO] [UEBA] - ==================================================
[2026-02-26 16:25:58] [INFO] [UEBA] - ✅ 데이터베이스 테이블 연동 및 확인 완료
[2026-02-26 16:27:13] [INFO] [UEBA] - 🛑 서버 종료 신호를 받았습니다. 안전하게 종료합니다.
[2026-02-26 16:27:13] [INFO] [UEBA] - ✅ 모든 백그라운드 태스크 및 DB 연결이 해제되었습니다.
[2026-02-26 16:27:13] [INFO] [UEBA] - ✅ 데이터베이스 엔진 초기화 완료
[2026-02-26 16:27:13] [INFO] [UEBA] - ==================================================
[2026-02-26 16:27:13] [INFO] [UEBA] - 🚀 차세대 UEBA 백엔드 서버 기동을 시작합니다.
[2026-02-26 16:27:13] [INFO] [UEBA] - ==================================================
[2026-02-26 16:27:13] [INFO] [UEBA] - ✅ 데이터베이스 테이블 연동 및 확인 완료
[2026-02-26 16:29:29] [INFO] [UEBA] - 🛑 서버 종료 신호를 받았습니다. 안전하게 종료합니다.
[2026-02-26 16:29:29] [INFO] [UEBA] - ✅ 모든 백그라운드 태스크 및 DB 연결이 해제되었습니다.
[2026-02-26 16:29:30] [INFO] [UEBA] - ✅ 데이터베이스 엔진 초기화 완료
[2026-02-26 16:29:30] [INFO] [UEBA] - ==================================================
[2026-02-26 16:29:30] [INFO] [UEBA] - 🚀 차세대 UEBA 백엔드 서버 기동을 시작합니다.
[2026-02-26 16:29:30] [INFO] [UEBA] - ==================================================
[2026-02-26 16:29:30] [ERROR] [UEBA] - ❌ 데이터베이스 연결 실패 (DB 컨테이너가 켜져 있는지 확인하세요): (psycopg2.OperationalError) connection to server at "postgres" (172.18.0.4), port 5432 failed: FATAL:  could not open file "global/pg_filenode.map": Permission denied

(Background on this error at: https://sqlalche.me/e/20/e3q8)
[2026-02-26 16:29:36] [INFO] [UEBA] - 🛑 서버 종료 신호를 받았습니다. 안전하게 종료합니다.
[2026-02-26 16:29:36] [INFO] [UEBA] - ✅ 모든 백그라운드 태스크 및 DB 연결이 해제되었습니다.
[2026-02-26 16:29:37] [INFO] [UEBA] - ✅ 데이터베이스 엔진 초기화 완료
[2026-02-26 16:29:37] [INFO] [UEBA] - ==================================================
[2026-02-26 16:29:37] [INFO] [UEBA] - 🚀 차세대 UEBA 백엔드 서버 기동을 시작합니다.
[2026-02-26 16:29:37] [INFO] [UEBA] - ==================================================
[2026-02-26 16:29:37] [ERROR] [UEBA] - ❌ 데이터베이스 연결 실패 (DB 컨테이너가 켜져 있는지 확인하세요): (psycopg2.OperationalError) connection to server at "postgres" (172.18.0.4), port 5432 failed: FATAL:  could not open file "global/pg_filenode.map": Permission denied

(Background on this error at: https://sqlalche.me/e/20/e3q8)
[2026-02-26 16:43:22] [INFO] [UEBA] - 🛑 서버 종료 신호를 받았습니다. 안전하게 종료합니다.
[2026-02-26 16:43:22] [INFO] [UEBA] - ✅ 모든 백그라운드 태스크 및 DB 연결이 해제되었습니다.
[2026-02-26 16:43:23] [INFO] [UEBA] - ✅ 데이터베이스 엔진 초기화 완료
[2026-02-26 16:43:23] [INFO] [UEBA] - ==================================================
[2026-02-26 16:43:23] [INFO] [UEBA] - 🚀 차세대 UEBA 백엔드 서버 기동을 시작합니다.
[2026-02-26 16:43:23] [INFO] [UEBA] - ==================================================
[2026-02-26 16:43:23] [ERROR] [UEBA] - ❌ 데이터베이스 연결 실패 (DB 컨테이너가 켜져 있는지 확인하세요): (psycopg2.OperationalError) connection to server at "postgres" (172.18.0.4), port 5432 failed: FATAL:  could not open file "global/pg_filenode.map": Permission denied

(Background on this error at: https://sqlalche.me/e/20/e3q8)
[2026-02-26 16:43:30] [INFO] [UEBA] - 🛑 서버 종료 신호를 받았습니다. 안전하게 종료합니다.
[2026-02-26 16:43:30] [INFO] [UEBA] - ✅ 모든 백그라운드 태스크 및 DB 연결이 해제되었습니다.
[2026-02-26 16:43:30] [INFO] [UEBA] - ✅ 데이터베이스 엔진 초기화 완료
[2026-02-26 16:43:30] [INFO] [UEBA] - ==================================================
[2026-02-26 16:43:30] [INFO] [UEBA] - 🚀 차세대 UEBA 백엔드 서버 기동을 시작합니다.
[2026-02-26 16:43:30] [INFO] [UEBA] - ==================================================
[2026-02-26 16:43:30] [ERROR] [UEBA] - ❌ 데이터베이스 연결 실패 (DB 컨테이너가 켜져 있는지 확인하세요): (psycopg2.OperationalError) connection to server at "postgres" (172.18.0.4), port 5432 failed: FATAL:  could not open file "global/pg_filenode.map": Permission denied

(Background on this error at: https://sqlalche.me/e/20/e3q8)
[2026-02-26 16:43:38] [INFO] [UEBA] - 🛑 서버 종료 신호를 받았습니다. 안전하게 종료합니다.
[2026-02-26 16:43:38] [INFO] [UEBA] - ✅ 모든 백그라운드 태스크 및 DB 연결이 해제되었습니다.
[2026-02-26 16:43:38] [INFO] [UEBA] - ✅ 데이터베이스 엔진 초기화 완료
[2026-02-26 16:43:38] [INFO] [UEBA] - ==================================================
[2026-02-26 16:43:38] [INFO] [UEBA] - 🚀 차세대 UEBA 백엔드 서버 기동을 시작합니다.
[2026-02-26 16:43:38] [INFO] [UEBA] - ==================================================
[2026-02-26 16:43:38] [ERROR] [UEBA] - ❌ 데이터베이스 연결 실패 (DB 컨테이너가 켜져 있는지 확인하세요): (psycopg2.OperationalError) connection to server at "postgres" (172.18.0.4), port 5432 failed: FATAL:  could not open file "global/pg_filenode.map": Permission denied

(Background on this error at: https://sqlalche.me/e/20/e3q8)
[2026-02-26 16:43:43] [INFO] [UEBA] - 🛑 서버 종료 신호를 받았습니다. 안전하게 종료합니다.
[2026-02-26 16:43:43] [INFO] [UEBA] - ✅ 모든 백그라운드 태스크 및 DB 연결이 해제되었습니다.
[2026-02-26 16:43:43] [INFO] [UEBA] - ✅ 데이터베이스 엔진 초기화 완료
[2026-02-26 16:43:43] [INFO] [UEBA] - ==================================================
[2026-02-26 16:43:43] [INFO] [UEBA] - 🚀 차세대 UEBA 백엔드 서버 기동을 시작합니다.
[2026-02-26 16:43:43] [INFO] [UEBA] - ==================================================
[2026-02-26 16:43:43] [ERROR] [UEBA] - ❌ 데이터베이스 연결 실패 (DB 컨테이너가 켜져 있는지 확인하세요): (psycopg2.OperationalError) connection to server at "postgres" (172.18.0.4), port 5432 failed: FATAL:  could not open file "global/pg_filenode.map": Permission denied

(Background on this error at: https://sqlalche.me/e/20/e3q8)
[2026-02-26 16:44:03] [INFO] [UEBA] - 🛑 서버 종료 신호를 받았습니다. 안전하게 종료합니다.
[2026-02-26 16:44:03] [INFO] [UEBA] - ✅ 모든 백그라운드 태스크 및 DB 연결이 해제되었습니다.
[2026-02-26 16:44:03] [INFO] [UEBA] - ✅ 데이터베이스 엔진 초기화 완료
[2026-02-26 16:44:03] [INFO] [UEBA] - ==================================================
[2026-02-26 16:44:03] [INFO] [UEBA] - 🚀 차세대 UEBA 백엔드 서버 기동을 시작합니다.
[2026-02-26 16:44:03] [INFO] [UEBA] - ==================================================
[2026-02-26 16:44:03] [ERROR] [UEBA] - ❌ 데이터베이스 연결 실패 (DB 컨테이너가 켜져 있는지 확인하세요): (psycopg2.OperationalError) connection to server at "postgres" (172.18.0.4), port 5432 failed: FATAL:  could not open file "global/pg_filenode.map": Permission denied

(Background on this error at: https://sqlalche.me/e/20/e3q8)
[2026-02-26 16:44:09] [INFO] [UEBA] - 🛑 서버 종료 신호를 받았습니다. 안전하게 종료합니다.
[2026-02-26 16:44:09] [INFO] [UEBA] - ✅ 모든 백그라운드 태스크 및 DB 연결이 해제되었습니다.
[2026-02-26 16:44:10] [INFO] [UEBA] - ✅ 데이터베이스 엔진 초기화 완료
[2026-02-26 16:44:10] [INFO] [UEBA] - ==================================================
[2026-02-26 16:44:10] [INFO] [UEBA] - 🚀 차세대 UEBA 백엔드 서버 기동을 시작합니다.
[2026-02-26 16:44:10] [INFO] [UEBA] - ==================================================
[2026-02-26 16:44:10] [ERROR] [UEBA] - ❌ 데이터베이스 연결 실패 (DB 컨테이너가 켜져 있는지 확인하세요): (psycopg2.OperationalError) connection to server at "postgres" (172.18.0.4), port 5432 failed: FATAL:  could not open file "global/pg_filenode.map": Permission denied

(Background on this error at: https://sqlalche.me/e/20/e3q8)
[2026-02-26 16:44:16] [INFO] [UEBA] - 🛑 서버 종료 신호를 받았습니다. 안전하게 종료합니다.
[2026-02-26 16:44:16] [INFO] [UEBA] - ✅ 모든 백그라운드 태스크 및 DB 연결이 해제되었습니다.
[2026-02-26 16:44:17] [INFO] [UEBA] - ✅ 데이터베이스 엔진 초기화 완료
[2026-02-26 16:44:17] [INFO] [UEBA] - ==================================================
[2026-02-26 16:44:17] [INFO] [UEBA] - 🚀 차세대 UEBA 백엔드 서버 기동을 시작합니다.
[2026-02-26 16:44:17] [INFO] [UEBA] - ==================================================
[2026-02-26 16:44:17] [ERROR] [UEBA] - ❌ 데이터베이스 연결 실패 (DB 컨테이너가 켜져 있는지 확인하세요): (psycopg2.OperationalError) connection to server at "postgres" (172.18.0.4), port 5432 failed: FATAL:  could not open file "global/pg_filenode.map": Permission denied

(Background on this error at: https://sqlalche.me/e/20/e3q8)
[2026-02-26 16:44:57] [INFO] [UEBA] - 🛑 서버 종료 신호를 받았습니다. 안전하게 종료합니다.
[2026-02-26 16:44:57] [INFO] [UEBA] - ✅ 모든 백그라운드 태스크 및 DB 연결이 해제되었습니다.
[2026-02-26 16:44:57] [INFO] [UEBA] - ✅ 데이터베이스 엔진 초기화 완료
[2026-02-26 16:44:57] [INFO] [UEBA] - ==================================================
[2026-02-26 16:44:57] [INFO] [UEBA] - 🚀 차세대 UEBA 백엔드 서버 기동을 시작합니다.
[2026-02-26 16:44:57] [INFO] [UEBA] - ==================================================
[2026-02-26 16:44:57] [ERROR] [UEBA] - ❌ 데이터베이스 연결 실패 (DB 컨테이너가 켜져 있는지 확인하세요): (psycopg2.OperationalError) connection to server at "postgres" (172.18.0.4), port 5432 failed: FATAL:  could not open file "global/pg_filenode.map": Permission denied

(Background on this error at: https://sqlalche.me/e/20/e3q8)
[2026-02-26 16:45:03] [INFO] [UEBA] - 🛑 서버 종료 신호를 받았습니다. 안전하게 종료합니다.
[2026-02-26 16:45:03] [INFO] [UEBA] - ✅ 모든 백그라운드 태스크 및 DB 연결이 해제되었습니다.
[2026-02-26 16:45:04] [INFO] [UEBA] - ✅ 데이터베이스 엔진 초기화 완료
[2026-02-26 16:45:04] [INFO] [UEBA] - ==================================================
[2026-02-26 16:45:04] [INFO] [UEBA] - 🚀 차세대 UEBA 백엔드 서버 기동을 시작합니다.
[2026-02-26 16:45:04] [INFO] [UEBA] - ==================================================
[2026-02-26 16:45:04] [ERROR] [UEBA] - ❌ 데이터베이스 연결 실패 (DB 컨테이너가 켜져 있는지 확인하세요): (psycopg2.OperationalError) connection to server at "postgres" (172.18.0.4), port 5432 failed: FATAL:  could not open file "global/pg_filenode.map": Permission denied

(Background on this error at: https://sqlalche.me/e/20/e3q8)
[2026-02-26 16:45:10] [INFO] [UEBA] - 🛑 서버 종료 신호를 받았습니다. 안전하게 종료합니다.
[2026-02-26 16:45:10] [INFO] [UEBA] - ✅ 모든 백그라운드 태스크 및 DB 연결이 해제되었습니다.
[2026-02-26 16:45:11] [INFO] [UEBA] - ✅ 데이터베이스 엔진 초기화 완료
[2026-02-26 16:45:11] [INFO] [UEBA] - ==================================================
[2026-02-26 16:45:11] [INFO] [UEBA] - 🚀 차세대 UEBA 백엔드 서버 기동을 시작합니다.
[2026-02-26 16:45:11] [INFO] [UEBA] - ==================================================
[2026-02-26 16:45:11] [ERROR] [UEBA] - ❌ 데이터베이스 연결 실패 (DB 컨테이너가 켜져 있는지 확인하세요): (psycopg2.OperationalError) connection to server at "postgres" (172.18.0.4), port 5432 failed: FATAL:  could not open file "global/pg_filenode.map": Permission denied

(Background on this error at: https://sqlalche.me/e/20/e3q8)
[2026-02-26 16:46:01] [INFO] [UEBA] - 🛑 서버 종료 신호를 받았습니다. 안전하게 종료합니다.
[2026-02-26 16:46:01] [INFO] [UEBA] - ✅ 모든 백그라운드 태스크 및 DB 연결이 해제되었습니다.
[2026-02-26 16:46:01] [INFO] [UEBA] - ✅ 데이터베이스 엔진 초기화 완료
[2026-02-26 16:46:01] [INFO] [UEBA] - ==================================================
[2026-02-26 16:46:01] [INFO] [UEBA] - 🚀 차세대 UEBA 백엔드 서버 기동을 시작합니다.
[2026-02-26 16:46:01] [INFO] [UEBA] - ==================================================
[2026-02-26 16:46:01] [ERROR] [UEBA] - ❌ 데이터베이스 연결 실패 (DB 컨테이너가 켜져 있는지 확인하세요): (psycopg2.OperationalError) connection to server at "postgres" (172.18.0.4), port 5432 failed: FATAL:  could not open file "global/pg_filenode.map": Permission denied

(Background on this error at: https://sqlalche.me/e/20/e3q8)
[2026-02-26 16:46:12] [INFO] [UEBA] - 🛑 서버 종료 신호를 받았습니다. 안전하게 종료합니다.
[2026-02-26 16:46:12] [INFO] [UEBA] - ✅ 모든 백그라운드 태스크 및 DB 연결이 해제되었습니다.
[2026-02-26 16:46:12] [INFO] [UEBA] - ✅ 데이터베이스 엔진 초기화 완료
[2026-02-26 16:46:12] [INFO] [UEBA] - ==================================================
[2026-02-26 16:46:12] [INFO] [UEBA] - 🚀 차세대 UEBA 백엔드 서버 기동을 시작합니다.
[2026-02-26 16:46:12] [INFO] [UEBA] - ==================================================
[2026-02-26 16:46:12] [ERROR] [UEBA] - ❌ 데이터베이스 연결 실패 (DB 컨테이너가 켜져 있는지 확인하세요): (psycopg2.OperationalError) connection to server at "postgres" (172.18.0.4), port 5432 failed: FATAL:  could not open file "global/pg_filenode.map": Permission denied

(Background on this error at: https://sqlalche.me/e/20/e3q8)
[2026-02-26 16:46:19] [INFO] [UEBA] - 🛑 서버 종료 신호를 받았습니다. 안전하게 종료합니다.
[2026-02-26 16:46:19] [INFO] [UEBA] - ✅ 모든 백그라운드 태스크 및 DB 연결이 해제되었습니다.
[2026-02-26 16:46:19] [INFO] [UEBA] - ✅ 데이터베이스 엔진 초기화 완료
[2026-02-26 16:46:19] [INFO] [UEBA] - ==================================================
[2026-02-26 16:46:19] [INFO] [UEBA] - 🚀 차세대 UEBA 백엔드 서버 기동을 시작합니다.
[2026-02-26 16:46:19] [INFO] [UEBA] - ==================================================
[2026-02-26 16:46:19] [ERROR] [UEBA] - ❌ 데이터베이스 연결 실패 (DB 컨테이너가 켜져 있는지 확인하세요): (psycopg2.OperationalError) connection to server at "postgres" (172.18.0.4), port 5432 failed: FATAL:  could not open file "global/pg_filenode.map": Permission denied

(Background on this error at: https://sqlalche.me/e/20/e3q8)
[2026-02-26 16:46:26] [INFO] [UEBA] - 🛑 서버 종료 신호를 받았습니다. 안전하게 종료합니다.
[2026-02-26 16:46:26] [INFO] [UEBA] - ✅ 모든 백그라운드 태스크 및 DB 연결이 해제되었습니다.
[2026-02-26 16:46:26] [INFO] [UEBA] - ✅ 데이터베이스 엔진 초기화 완료
[2026-02-26 16:46:26] [INFO] [UEBA] - ==================================================
[2026-02-26 16:46:26] [INFO] [UEBA] - 🚀 차세대 UEBA 백엔드 서버 기동을 시작합니다.
[2026-02-26 16:46:26] [INFO] [UEBA] - ==================================================
[2026-02-26 16:46:26] [ERROR] [UEBA] - ❌ 데이터베이스 연결 실패 (DB 컨테이너가 켜져 있는지 확인하세요): (psycopg2.OperationalError) connection to server at "postgres" (172.18.0.4), port 5432 failed: FATAL:  could not open file "global/pg_filenode.map": Permission denied

(Background on this error at: https://sqlalche.me/e/20/e3q8)
[2026-02-26 16:47:36] [INFO] [UEBA] - 🛑 서버 종료 신호를 받았습니다. 안전하게 종료합니다.
[2026-02-26 16:47:36] [INFO] [UEBA] - ✅ 모든 백그라운드 태스크 및 DB 연결이 해제되었습니다.
[2026-02-26 16:47:37] [INFO] [UEBA] - ✅ 데이터베이스 엔진 초기화 완료
[2026-02-26 16:47:37] [INFO] [UEBA] - ==================================================
[2026-02-26 16:47:37] [INFO] [UEBA] - 🚀 차세대 UEBA 백엔드 서버 기동을 시작합니다.
[2026-02-26 16:47:37] [INFO] [UEBA] - ==================================================
[2026-02-26 16:47:37] [ERROR] [UEBA] - ❌ 데이터베이스 연결 실패 (DB 컨테이너가 켜져 있는지 확인하세요): (psycopg2.OperationalError) connection to server at "postgres" (172.18.0.4), port 5432 failed: FATAL:  could not open file "global/pg_filenode.map": Permission denied

(Background on this error at: https://sqlalche.me/e/20/e3q8)
[2026-02-26 16:47:51] [INFO] [UEBA] - 🛑 서버 종료 신호를 받았습니다. 안전하게 종료합니다.
[2026-02-26 16:47:51] [INFO] [UEBA] - ✅ 모든 백그라운드 태스크 및 DB 연결이 해제되었습니다.
[2026-02-26 16:47:51] [INFO] [UEBA] - ✅ 데이터베이스 엔진 초기화 완료
[2026-02-26 16:47:51] [INFO] [UEBA] - ==================================================
[2026-02-26 16:47:51] [INFO] [UEBA] - 🚀 차세대 UEBA 백엔드 서버 기동을 시작합니다.
[2026-02-26 16:47:51] [INFO] [UEBA] - ==================================================
[2026-02-26 16:47:51] [ERROR] [UEBA] - ❌ 데이터베이스 연결 실패 (DB 컨테이너가 켜져 있는지 확인하세요): (psycopg2.OperationalError) connection to server at "postgres" (172.18.0.4), port 5432 failed: FATAL:  could not open file "global/pg_filenode.map": Permission denied

(Background on this error at: https://sqlalche.me/e/20/e3q8)
[2026-02-26 16:48:02] [INFO] [UEBA] - 🛑 서버 종료 신호를 받았습니다. 안전하게 종료합니다.
[2026-02-26 16:48:02] [INFO] [UEBA] - ✅ 모든 백그라운드 태스크 및 DB 연결이 해제되었습니다.
[2026-02-26 16:48:02] [INFO] [UEBA] - ✅ 데이터베이스 엔진 초기화 완료
[2026-02-26 16:48:02] [INFO] [UEBA] - ==================================================
[2026-02-26 16:48:02] [INFO] [UEBA] - 🚀 차세대 UEBA 백엔드 서버 기동을 시작합니다.
[2026-02-26 16:48:02] [INFO] [UEBA] - ==================================================
[2026-02-26 16:48:02] [ERROR] [UEBA] - ❌ 데이터베이스 연결 실패 (DB 컨테이너가 켜져 있는지 확인하세요): (psycopg2.OperationalError) connection to server at "postgres" (172.18.0.4), port 5432 failed: FATAL:  could not open file "global/pg_filenode.map": Permission denied

(Background on this error at: https://sqlalche.me/e/20/e3q8)
[2026-02-26 16:48:31] [INFO] [UEBA] - 🛑 서버 종료 신호를 받았습니다. 안전하게 종료합니다.
[2026-02-26 16:48:31] [INFO] [UEBA] - ✅ 모든 백그라운드 태스크 및 DB 연결이 해제되었습니다.
[2026-02-26 16:48:31] [INFO] [UEBA] - ✅ 데이터베이스 엔진 초기화 완료
[2026-02-26 16:48:31] [INFO] [UEBA] - ==================================================
[2026-02-26 16:48:31] [INFO] [UEBA] - 🚀 차세대 UEBA 백엔드 서버 기동을 시작합니다.
[2026-02-26 16:48:31] [INFO] [UEBA] - ==================================================
[2026-02-26 16:48:31] [ERROR] [UEBA] - ❌ 데이터베이스 연결 실패 (DB 컨테이너가 켜져 있는지 확인하세요): (psycopg2.OperationalError) connection to server at "postgres" (172.18.0.4), port 5432 failed: FATAL:  could not open file "global/pg_filenode.map": Permission denied

(Background on this error at: https://sqlalche.me/e/20/e3q8)
[2026-02-26 16:48:48] [INFO] [UEBA] - 🛑 서버 종료 신호를 받았습니다. 안전하게 종료합니다.
[2026-02-26 16:48:48] [INFO] [UEBA] - ✅ 모든 백그라운드 태스크 및 DB 연결이 해제되었습니다.
[2026-02-26 16:48:48] [INFO] [UEBA] - ✅ 데이터베이스 엔진 초기화 완료
[2026-02-26 16:48:48] [INFO] [UEBA] - ==================================================
[2026-02-26 16:48:48] [INFO] [UEBA] - 🚀 차세대 UEBA 백엔드 서버 기동을 시작합니다.
[2026-02-26 16:48:48] [INFO] [UEBA] - ==================================================
[2026-02-26 16:48:48] [ERROR] [UEBA] - ❌ 데이터베이스 연결 실패 (DB 컨테이너가 켜져 있는지 확인하세요): (psycopg2.OperationalError) connection to server at "postgres" (172.18.0.4), port 5432 failed: FATAL:  could not open file "global/pg_filenode.map": Permission denied

(Background on this error at: https://sqlalche.me/e/20/e3q8)
[2026-02-26 16:49:00] [INFO] [UEBA] - 🛑 서버 종료 신호를 받았습니다. 안전하게 종료합니다.
[2026-02-26 16:49:00] [INFO] [UEBA] - ✅ 모든 백그라운드 태스크 및 DB 연결이 해제되었습니다.
[2026-02-26 16:49:00] [INFO] [UEBA] - ✅ 데이터베이스 엔진 초기화 완료
[2026-02-26 16:49:00] [INFO] [UEBA] - ==================================================
[2026-02-26 16:49:00] [INFO] [UEBA] - 🚀 차세대 UEBA 백엔드 서버 기동을 시작합니다.
[2026-02-26 16:49:00] [INFO] [UEBA] - ==================================================
[2026-02-26 16:49:00] [ERROR] [UEBA] - ❌ 데이터베이스 연결 실패 (DB 컨테이너가 켜져 있는지 확인하세요): (psycopg2.OperationalError) connection to server at "postgres" (172.18.0.4), port 5432 failed: FATAL:  could not open file "global/pg_filenode.map": Permission denied

(Background on this error at: https://sqlalche.me/e/20/e3q8)
[2026-02-26 16:49:10] [INFO] [UEBA] - 🛑 서버 종료 신호를 받았습니다. 안전하게 종료합니다.
[2026-02-26 16:49:10] [INFO] [UEBA] - ✅ 모든 백그라운드 태스크 및 DB 연결이 해제되었습니다.
[2026-02-26 16:49:10] [INFO] [UEBA] - ✅ 데이터베이스 엔진 초기화 완료
[2026-02-26 16:49:10] [INFO] [UEBA] - ==================================================
[2026-02-26 16:49:10] [INFO] [UEBA] - 🚀 차세대 UEBA 백엔드 서버 기동을 시작합니다.
[2026-02-26 16:49:10] [INFO] [UEBA] - ==================================================
[2026-02-26 16:49:10] [ERROR] [UEBA] - ❌ 데이터베이스 연결 실패 (DB 컨테이너가 켜져 있는지 확인하세요): (psycopg2.OperationalError) connection to server at "postgres" (172.18.0.4), port 5432 failed: FATAL:  could not open file "global/pg_filenode.map": Permission denied

(Background on this error at: https://sqlalche.me/e/20/e3q8)
[2026-02-26 16:49:19] [INFO] [UEBA] - 🛑 서버 종료 신호를 받았습니다. 안전하게 종료합니다.
[2026-02-26 16:49:19] [INFO] [UEBA] - ✅ 모든 백그라운드 태스크 및 DB 연결이 해제되었습니다.
[2026-02-26 16:49:20] [INFO] [UEBA] - ✅ 데이터베이스 엔진 초기화 완료
[2026-02-26 16:49:20] [INFO] [UEBA] - ==================================================
[2026-02-26 16:49:20] [INFO] [UEBA] - 🚀 차세대 UEBA 백엔드 서버 기동을 시작합니다.
[2026-02-26 16:49:20] [INFO] [UEBA] - ==================================================
[2026-02-26 16:49:20] [ERROR] [UEBA] - ❌ 데이터베이스 연결 실패 (DB 컨테이너가 켜져 있는지 확인하세요): (psycopg2.OperationalError) connection to server at "postgres" (172.18.0.4), port 5432 failed: FATAL:  could not open file "global/pg_filenode.map": Permission denied

(Background on this error at: https://sqlalche.me/e/20/e3q8)
[2026-02-26 16:49:35] [INFO] [UEBA] - 🛑 서버 종료 신호를 받았습니다. 안전하게 종료합니다.
[2026-02-26 16:49:35] [INFO] [UEBA] - ✅ 모든 백그라운드 태스크 및 DB 연결이 해제되었습니다.
[2026-02-26 16:49:36] [INFO] [UEBA] - ✅ 데이터베이스 엔진 초기화 완료
[2026-02-26 16:49:36] [INFO] [UEBA] - ==================================================
[2026-02-26 16:49:36] [INFO] [UEBA] - 🚀 차세대 UEBA 백엔드 서버 기동을 시작합니다.
[2026-02-26 16:49:36] [INFO] [UEBA] - ==================================================
[2026-02-26 16:49:36] [ERROR] [UEBA] - ❌ 데이터베이스 연결 실패 (DB 컨테이너가 켜져 있는지 확인하세요): (psycopg2.OperationalError) connection to server at "postgres" (172.18.0.4), port 5432 failed: FATAL:  could not open file "global/pg_filenode.map": Permission denied

(Background on this error at: https://sqlalche.me/e/20/e3q8)
[2026-02-26 16:57:10] [INFO] [UEBA] - 🛑 서버 종료 신호를 받았습니다. 안전하게 종료합니다.
[2026-02-26 16:57:10] [INFO] [UEBA] - ✅ 모든 백그라운드 태스크 및 DB 연결이 해제되었습니다.
[2026-02-26 16:57:11] [INFO] [UEBA] - ✅ 데이터베이스 엔진 초기화 완료
[2026-02-26 16:57:11] [INFO] [UEBA] - ==================================================
[2026-02-26 16:57:11] [INFO] [UEBA] - 🚀 차세대 UEBA 백엔드 서버 기동을 시작합니다.
[2026-02-26 16:57:11] [INFO] [UEBA] - ==================================================
[2026-02-26 16:57:11] [ERROR] [UEBA] - ❌ 데이터베이스 연결 실패 (DB 컨테이너가 켜져 있는지 확인하세요): (psycopg2.OperationalError) connection to server at "postgres" (172.18.0.4), port 5432 failed: FATAL:  could not open file "global/pg_filenode.map": Permission denied

(Background on this error at: https://sqlalche.me/e/20/e3q8)
[2026-02-26 17:01:22] [INFO] [UEBA] - 🛑 서버 종료 신호를 받았습니다. 안전하게 종료합니다.
[2026-02-26 17:01:22] [INFO] [UEBA] - ✅ 모든 백그라운드 태스크 및 DB 연결이 해제되었습니다.
[2026-02-26 17:01:23] [INFO] [UEBA] - ✅ 데이터베이스 엔진 초기화 완료
[2026-02-26 17:01:23] [INFO] [UEBA] - ==================================================
[2026-02-26 17:01:23] [INFO] [UEBA] - 🚀 차세대 UEBA 백엔드 서버 기동을 시작합니다.
[2026-02-26 17:01:23] [INFO] [UEBA] - ==================================================
[2026-02-26 17:01:23] [ERROR] [UEBA] - ❌ 데이터베이스 연결 실패 (DB 컨테이너가 켜져 있는지 확인하세요): (psycopg2.OperationalError) connection to server at "postgres" (172.18.0.4), port 5432 failed: FATAL:  could not open file "global/pg_filenode.map": Permission denied

(Background on this error at: https://sqlalche.me/e/20/e3q8)
[2026-02-26 17:05:48] [INFO] [UEBA] - 🛑 서버 종료 신호를 받았습니다. 안전하게 종료합니다.
[2026-02-26 17:05:48] [INFO] [UEBA] - ✅ 모든 백그라운드 태스크 및 DB 연결이 해제되었습니다.
[2026-02-26 17:05:48] [INFO] [UEBA] - ✅ 데이터베이스 엔진 초기화 완료
[2026-02-26 17:05:48] [INFO] [UEBA] - ==================================================
[2026-02-26 17:05:48] [INFO] [UEBA] - 🚀 차세대 UEBA 백엔드 서버 기동을 시작합니다.
[2026-02-26 17:05:48] [INFO] [UEBA] - ==================================================
[2026-02-26 17:05:48] [ERROR] [UEBA] - ❌ 데이터베이스 연결 실패 (DB 컨테이너가 켜져 있는지 확인하세요): (psycopg2.OperationalError) connection to server at "postgres" (172.18.0.4), port 5432 failed: FATAL:  could not open file "global/pg_filenode.map": Permission denied

(Background on this error at: https://sqlalche.me/e/20/e3q8)
[2026-02-26 17:05:54] [INFO] [UEBA] - 🛑 서버 종료 신호를 받았습니다. 안전하게 종료합니다.
[2026-02-26 17:05:54] [INFO] [UEBA] - ✅ 모든 백그라운드 태스크 및 DB 연결이 해제되었습니다.
[2026-02-26 17:05:54] [INFO] [UEBA] - ✅ 데이터베이스 엔진 초기화 완료
[2026-02-26 17:05:54] [INFO] [UEBA] - ==================================================
[2026-02-26 17:05:54] [INFO] [UEBA] - 🚀 차세대 UEBA 백엔드 서버 기동을 시작합니다.
[2026-02-26 17:05:54] [INFO] [UEBA] - ==================================================
[2026-02-26 17:05:54] [ERROR] [UEBA] - ❌ 데이터베이스 연결 실패 (DB 컨테이너가 켜져 있는지 확인하세요): (psycopg2.OperationalError) connection to server at "postgres" (172.18.0.4), port 5432 failed: FATAL:  could not open file "global/pg_filenode.map": Permission denied

(Background on this error at: https://sqlalche.me/e/20/e3q8)
[2026-02-26 17:06:12] [INFO] [UEBA] - 🛑 서버 종료 신호를 받았습니다. 안전하게 종료합니다.
[2026-02-26 17:06:12] [INFO] [UEBA] - ✅ 모든 백그라운드 태스크 및 DB 연결이 해제되었습니다.
[2026-02-26 17:06:12] [INFO] [UEBA] - ✅ 데이터베이스 엔진 초기화 완료
[2026-02-26 17:06:12] [INFO] [UEBA] - ==================================================
[2026-02-26 17:06:12] [INFO] [UEBA] - 🚀 차세대 UEBA 백엔드 서버 기동을 시작합니다.
[2026-02-26 17:06:12] [INFO] [UEBA] - ==================================================
[2026-02-26 17:06:12] [ERROR] [UEBA] - ❌ 데이터베이스 연결 실패 (DB 컨테이너가 켜져 있는지 확인하세요): (psycopg2.OperationalError) connection to server at "postgres" (172.18.0.4), port 5432 failed: FATAL:  could not open file "global/pg_filenode.map": Permission denied

(Background on this error at: https://sqlalche.me/e/20/e3q8)
[2026-02-26 17:06:37] [INFO] [UEBA] - 🛑 서버 종료 신호를 받았습니다. 안전하게 종료합니다.
[2026-02-26 17:06:37] [INFO] [UEBA] - ✅ 모든 백그라운드 태스크 및 DB 연결이 해제되었습니다.
[2026-02-26 17:06:38] [INFO] [UEBA] - ✅ 데이터베이스 엔진 초기화 완료
[2026-02-26 17:06:38] [INFO] [UEBA] - ==================================================
[2026-02-26 17:06:38] [INFO] [UEBA] - 🚀 차세대 UEBA 백엔드 서버 기동을 시작합니다.
[2026-02-26 17:06:38] [INFO] [UEBA] - ==================================================
[2026-02-26 17:06:38] [ERROR] [UEBA] - ❌ 데이터베이스 연결 실패 (DB 컨테이너가 켜져 있는지 확인하세요): (psycopg2.OperationalError) connection to server at "postgres" (172.18.0.4), port 5432 failed: FATAL:  could not open file "global/pg_filenode.map": Permission denied

(Background on this error at: https://sqlalche.me/e/20/e3q8)
[2026-02-26 17:07:19] [INFO] [UEBA] - 🛑 서버 종료 신호를 받았습니다. 안전하게 종료합니다.
[2026-02-26 17:07:19] [INFO] [UEBA] - ✅ 모든 백그라운드 태스크 및 DB 연결이 해제되었습니다.
[2026-02-26 17:07:19] [INFO] [UEBA] - ✅ 데이터베이스 엔진 초기화 완료
[2026-02-26 17:07:19] [INFO] [UEBA] - ==================================================
[2026-02-26 17:07:19] [INFO] [UEBA] - 🚀 차세대 UEBA 백엔드 서버 기동을 시작합니다.
[2026-02-26 17:07:19] [INFO] [UEBA] - ==================================================
[2026-02-26 17:07:19] [ERROR] [UEBA] - ❌ 데이터베이스 연결 실패 (DB 컨테이너가 켜져 있는지 확인하세요): (psycopg2.OperationalError) connection to server at "postgres" (172.18.0.4), port 5432 failed: FATAL:  could not open file "global/pg_filenode.map": Permission denied

(Background on this error at: https://sqlalche.me/e/20/e3q8)
[2026-02-26 17:07:25] [INFO] [UEBA] - 🛑 서버 종료 신호를 받았습니다. 안전하게 종료합니다.
[2026-02-26 17:07:25] [INFO] [UEBA] - ✅ 모든 백그라운드 태스크 및 DB 연결이 해제되었습니다.
[2026-02-26 17:07:25] [INFO] [UEBA] - ✅ 데이터베이스 엔진 초기화 완료
[2026-02-26 17:07:25] [INFO] [UEBA] - ==================================================
[2026-02-26 17:07:25] [INFO] [UEBA] - 🚀 차세대 UEBA 백엔드 서버 기동을 시작합니다.
[2026-02-26 17:07:25] [INFO] [UEBA] - ==================================================
[2026-02-26 17:07:25] [ERROR] [UEBA] - ❌ 데이터베이스 연결 실패 (DB 컨테이너가 켜져 있는지 확인하세요): (psycopg2.OperationalError) connection to server at "postgres" (172.18.0.4), port 5432 failed: FATAL:  could not open file "global/pg_filenode.map": Permission denied

(Background on this error at: https://sqlalche.me/e/20/e3q8)
[2026-02-26 17:07:57] [INFO] [UEBA] - 🛑 서버 종료 신호를 받았습니다. 안전하게 종료합니다.
[2026-02-26 17:07:57] [INFO] [UEBA] - ✅ 모든 백그라운드 태스크 및 DB 연결이 해제되었습니다.
[2026-02-26 17:07:58] [INFO] [UEBA] - ✅ 데이터베이스 엔진 초기화 완료
[2026-02-26 17:07:58] [INFO] [UEBA] - ==================================================
[2026-02-26 17:07:58] [INFO] [UEBA] - 🚀 차세대 UEBA 백엔드 서버 기동을 시작합니다.
[2026-02-26 17:07:58] [INFO] [UEBA] - ==================================================
[2026-02-26 17:07:58] [ERROR] [UEBA] - ❌ 데이터베이스 연결 실패 (DB 컨테이너가 켜져 있는지 확인하세요): (psycopg2.OperationalError) connection to server at "postgres" (172.18.0.4), port 5432 failed: FATAL:  could not open file "global/pg_filenode.map": Permission denied

(Background on this error at: https://sqlalche.me/e/20/e3q8)
[2026-02-26 17:08:17] [INFO] [UEBA] - 🛑 서버 종료 신호를 받았습니다. 안전하게 종료합니다.
[2026-02-26 17:08:17] [INFO] [UEBA] - ✅ 모든 백그라운드 태스크 및 DB 연결이 해제되었습니다.
[2026-02-26 17:08:18] [INFO] [UEBA] - ✅ 데이터베이스 엔진 초기화 완료
[2026-02-26 17:08:18] [INFO] [UEBA] - ==================================================
[2026-02-26 17:08:18] [INFO] [UEBA] - 🚀 차세대 UEBA 백엔드 서버 기동을 시작합니다.
[2026-02-26 17:08:18] [INFO] [UEBA] - ==================================================
[2026-02-26 17:08:18] [ERROR] [UEBA] - ❌ 데이터베이스 연결 실패 (DB 컨테이너가 켜져 있는지 확인하세요): (psycopg2.OperationalError) connection to server at "postgres" (172.18.0.4), port 5432 failed: FATAL:  could not open file "global/pg_filenode.map": Permission denied

(Background on this error at: https://sqlalche.me/e/20/e3q8)
[2026-02-26 17:08:22] [INFO] [UEBA] - 🛑 서버 종료 신호를 받았습니다. 안전하게 종료합니다.
[2026-02-26 17:08:22] [INFO] [UEBA] - ✅ 모든 백그라운드 태스크 및 DB 연결이 해제되었습니다.
[2026-02-26 17:08:22] [INFO] [UEBA] - ✅ 데이터베이스 엔진 초기화 완료
[2026-02-26 17:08:22] [INFO] [UEBA] - ==================================================
[2026-02-26 17:08:22] [INFO] [UEBA] - 🚀 차세대 UEBA 백엔드 서버 기동을 시작합니다.
[2026-02-26 17:08:22] [INFO] [UEBA] - ==================================================
[2026-02-26 17:08:22] [ERROR] [UEBA] - ❌ 데이터베이스 연결 실패 (DB 컨테이너가 켜져 있는지 확인하세요): (psycopg2.OperationalError) connection to server at "postgres" (172.18.0.4), port 5432 failed: FATAL:  could not open file "global/pg_filenode.map": Permission denied

(Background on this error at: https://sqlalche.me/e/20/e3q8)
[2026-02-26 17:08:39] [INFO] [UEBA] - 🛑 서버 종료 신호를 받았습니다. 안전하게 종료합니다.
[2026-02-26 17:08:39] [INFO] [UEBA] - ✅ 모든 백그라운드 태스크 및 DB 연결이 해제되었습니다.
[2026-02-26 17:08:40] [INFO] [UEBA] - ✅ 데이터베이스 엔진 초기화 완료
[2026-02-26 17:08:40] [INFO] [UEBA] - ==================================================
[2026-02-26 17:08:40] [INFO] [UEBA] - 🚀 차세대 UEBA 백엔드 서버 기동을 시작합니다.
[2026-02-26 17:08:40] [INFO] [UEBA] - ==================================================
[2026-02-26 17:08:40] [ERROR] [UEBA] - ❌ 데이터베이스 연결 실패 (DB 컨테이너가 켜져 있는지 확인하세요): (psycopg2.OperationalError) connection to server at "postgres" (172.18.0.4), port 5432 failed: FATAL:  could not open file "global/pg_filenode.map": Permission denied

(Background on this error at: https://sqlalche.me/e/20/e3q8)
[2026-02-26 17:09:09] [INFO] [UEBA] - 🛑 서버 종료 신호를 받았습니다. 안전하게 종료합니다.
[2026-02-26 17:09:09] [INFO] [UEBA] - ✅ 모든 백그라운드 태스크 및 DB 연결이 해제되었습니다.
[2026-02-26 17:09:10] [INFO] [UEBA] - ✅ 데이터베이스 엔진 초기화 완료
[2026-02-26 17:09:10] [INFO] [UEBA] - ==================================================
[2026-02-26 17:09:10] [INFO] [UEBA] - 🚀 차세대 UEBA 백엔드 서버 기동을 시작합니다.
[2026-02-26 17:09:10] [INFO] [UEBA] - ==================================================
[2026-02-26 17:09:10] [ERROR] [UEBA] - ❌ 데이터베이스 연결 실패 (DB 컨테이너가 켜져 있는지 확인하세요): (psycopg2.OperationalError) connection to server at "postgres" (172.18.0.4), port 5432 failed: FATAL:  could not open file "global/pg_filenode.map": Permission denied

(Background on this error at: https://sqlalche.me/e/20/e3q8)
[2026-02-26 17:10:12] [INFO] [UEBA] - 🛑 서버 종료 신호를 받았습니다. 안전하게 종료합니다.
[2026-02-26 17:10:12] [INFO] [UEBA] - ✅ 모든 백그라운드 태스크 및 DB 연결이 해제되었습니다.
[2026-02-26 17:10:13] [INFO] [UEBA] - ✅ 데이터베이스 엔진 초기화 완료
[2026-02-26 17:10:13] [INFO] [UEBA] - ==================================================
[2026-02-26 17:10:13] [INFO] [UEBA] - 🚀 차세대 UEBA 백엔드 서버 기동을 시작합니다.
[2026-02-26 17:10:13] [INFO] [UEBA] - ==================================================
[2026-02-26 17:10:13] [ERROR] [UEBA] - ❌ 데이터베이스 연결 실패 (DB 컨테이너가 켜져 있는지 확인하세요): (psycopg2.OperationalError) connection to server at "postgres" (172.18.0.4), port 5432 failed: FATAL:  could not open file "global/pg_filenode.map": Permission denied

(Background on this error at: https://sqlalche.me/e/20/e3q8)
[2026-02-26 17:14:19] [INFO] [UEBA] - 🛑 서버 종료 신호를 받았습니다. 안전하게 종료합니다.
[2026-02-26 17:14:19] [INFO] [UEBA] - ✅ 모든 백그라운드 태스크 및 DB 연결이 해제되었습니다.
[2026-02-26 17:14:19] [INFO] [UEBA] - ✅ 데이터베이스 엔진 초기화 완료
[2026-02-26 17:14:19] [INFO] [UEBA] - ==================================================
[2026-02-26 17:14:19] [INFO] [UEBA] - 🚀 차세대 UEBA 백엔드 서버 기동을 시작합니다.
[2026-02-26 17:14:19] [INFO] [UEBA] - ==================================================
[2026-02-26 17:14:19] [ERROR] [UEBA] - ❌ 데이터베이스 연결 실패 (DB 컨테이너가 켜져 있는지 확인하세요): (psycopg2.OperationalError) connection to server at "postgres" (172.18.0.4), port 5432 failed: FATAL:  could not open file "global/pg_filenode.map": Permission denied

(Background on this error at: https://sqlalche.me/e/20/e3q8)
[2026-02-26 17:15:05] [INFO] [UEBA] - 🛑 서버 종료 신호를 받았습니다. 안전하게 종료합니다.
[2026-02-26 17:15:05] [INFO] [UEBA] - ✅ 모든 백그라운드 태스크 및 DB 연결이 해제되었습니다.
[2026-02-26 17:15:05] [INFO] [UEBA] - ✅ 데이터베이스 엔진 초기화 완료
[2026-02-26 17:15:05] [INFO] [UEBA] - ==================================================
[2026-02-26 17:15:05] [INFO] [UEBA] - 🚀 차세대 UEBA 백엔드 서버 기동을 시작합니다.
[2026-02-26 17:15:05] [INFO] [UEBA] - ==================================================
[2026-02-26 17:15:05] [ERROR] [UEBA] - ❌ 데이터베이스 연결 실패 (DB 컨테이너가 켜져 있는지 확인하세요): (psycopg2.OperationalError) connection to server at "postgres" (172.18.0.4), port 5432 failed: FATAL:  could not open file "global/pg_filenode.map": Permission denied

(Background on this error at: https://sqlalche.me/e/20/e3q8)
[2026-02-26 17:19:00] [INFO] [UEBA] - 🛑 서버 종료 신호를 받았습니다. 안전하게 종료합니다.
[2026-02-26 17:19:00] [INFO] [UEBA] - ✅ 모든 백그라운드 태스크 및 DB 연결이 해제되었습니다.
[2026-02-26 17:19:01] [INFO] [UEBA] - ✅ 데이터베이스 엔진 초기화 완료
[2026-02-26 17:19:01] [INFO] [UEBA] - ==================================================
[2026-02-26 17:19:01] [INFO] [UEBA] - 🚀 차세대 UEBA 백엔드 서버 기동을 시작합니다.
[2026-02-26 17:19:01] [INFO] [UEBA] - ==================================================
[2026-02-26 17:19:01] [ERROR] [UEBA] - ❌ 데이터베이스 연결 실패 (DB 컨테이너가 켜져 있는지 확인하세요): (psycopg2.OperationalError) connection to server at "postgres" (172.18.0.4), port 5432 failed: FATAL:  could not open file "global/pg_filenode.map": Permission denied

(Background on this error at: https://sqlalche.me/e/20/e3q8)
[2026-02-26 17:20:24] [INFO] [UEBA] - 🛑 서버 종료 신호를 받았습니다. 안전하게 종료합니다.
[2026-02-26 17:20:24] [INFO] [UEBA] - ✅ 모든 백그라운드 태스크 및 DB 연결이 해제되었습니다.
[2026-02-26 17:20:25] [INFO] [UEBA] - ✅ 데이터베이스 엔진 초기화 완료
[2026-02-26 17:20:25] [INFO] [UEBA] - ==================================================
[2026-02-26 17:20:25] [INFO] [UEBA] - 🚀 차세대 UEBA 백엔드 서버 기동을 시작합니다.
[2026-02-26 17:20:25] [INFO] [UEBA] - ==================================================
[2026-02-26 17:20:25] [ERROR] [UEBA] - ❌ 데이터베이스 연결 실패 (DB 컨테이너가 켜져 있는지 확인하세요): (psycopg2.OperationalError) connection to server at "postgres" (172.18.0.4), port 5432 failed: FATAL:  could not open file "global/pg_filenode.map": Permission denied

(Background on this error at: https://sqlalche.me/e/20/e3q8)
[2026-02-26 17:20:44] [INFO] [UEBA] - 🛑 서버 종료 신호를 받았습니다. 안전하게 종료합니다.
[2026-02-26 17:20:44] [INFO] [UEBA] - ✅ 모든 백그라운드 태스크 및 DB 연결이 해제되었습니다.
[2026-02-26 17:20:44] [INFO] [UEBA] - ✅ 데이터베이스 엔진 초기화 완료
[2026-02-26 17:20:44] [INFO] [UEBA] - ==================================================
[2026-02-26 17:20:44] [INFO] [UEBA] - 🚀 차세대 UEBA 백엔드 서버 기동을 시작합니다.
[2026-02-26 17:20:44] [INFO] [UEBA] - ==================================================
[2026-02-26 17:20:44] [ERROR] [UEBA] - ❌ 데이터베이스 연결 실패 (DB 컨테이너가 켜져 있는지 확인하세요): (psycopg2.OperationalError) connection to server at "postgres" (172.18.0.4), port 5432 failed: FATAL:  could not open file "global/pg_filenode.map": Permission denied

(Background on this error at: https://sqlalche.me/e/20/e3q8)
[2026-02-26 17:21:01] [INFO] [UEBA] - 🛑 서버 종료 신호를 받았습니다. 안전하게 종료합니다.
[2026-02-26 17:21:01] [INFO] [UEBA] - ✅ 모든 백그라운드 태스크 및 DB 연결이 해제되었습니다.
[2026-02-26 17:21:01] [INFO] [UEBA] - ✅ 데이터베이스 엔진 초기화 완료
[2026-02-26 17:21:01] [INFO] [UEBA] - ==================================================
[2026-02-26 17:21:01] [INFO] [UEBA] - 🚀 차세대 UEBA 백엔드 서버 기동을 시작합니다.
[2026-02-26 17:21:01] [INFO] [UEBA] - ==================================================
[2026-02-26 17:21:01] [ERROR] [UEBA] - ❌ 데이터베이스 연결 실패 (DB 컨테이너가 켜져 있는지 확인하세요): (psycopg2.OperationalError) connection to server at "postgres" (172.18.0.4), port 5432 failed: FATAL:  could not open file "global/pg_filenode.map": Permission denied

(Background on this error at: https://sqlalche.me/e/20/e3q8)
[2026-02-26 17:21:13] [INFO] [UEBA] - 🛑 서버 종료 신호를 받았습니다. 안전하게 종료합니다.
[2026-02-26 17:21:13] [INFO] [UEBA] - ✅ 모든 백그라운드 태스크 및 DB 연결이 해제되었습니다.
[2026-02-26 17:21:13] [INFO] [UEBA] - ✅ 데이터베이스 엔진 초기화 완료
[2026-02-26 17:21:13] [INFO] [UEBA] - ==================================================
[2026-02-26 17:21:13] [INFO] [UEBA] - 🚀 차세대 UEBA 백엔드 서버 기동을 시작합니다.
[2026-02-26 17:21:13] [INFO] [UEBA] - ==================================================
[2026-02-26 17:21:13] [ERROR] [UEBA] - ❌ 데이터베이스 연결 실패 (DB 컨테이너가 켜져 있는지 확인하세요): (psycopg2.OperationalError) connection to server at "postgres" (172.18.0.4), port 5432 failed: FATAL:  could not open file "global/pg_filenode.map": Permission denied

(Background on this error at: https://sqlalche.me/e/20/e3q8)
[2026-02-26 17:22:29] [INFO] [UEBA] - 🛑 서버 종료 신호를 받았습니다. 안전하게 종료합니다.
[2026-02-26 17:22:29] [INFO] [UEBA] - ✅ 모든 백그라운드 태스크 및 DB 연결이 해제되었습니다.
[2026-02-26 17:22:30] [INFO] [UEBA] - ✅ 데이터베이스 엔진 초기화 완료
[2026-02-26 17:22:30] [INFO] [UEBA] - ==================================================
[2026-02-26 17:22:30] [INFO] [UEBA] - 🚀 차세대 UEBA 백엔드 서버 기동을 시작합니다.
[2026-02-26 17:22:30] [INFO] [UEBA] - ==================================================
[2026-02-26 17:22:30] [ERROR] [UEBA] - ❌ 데이터베이스 연결 실패 (DB 컨테이너가 켜져 있는지 확인하세요): (psycopg2.OperationalError) connection to server at "postgres" (172.18.0.4), port 5432 failed: FATAL:  could not open file "global/pg_filenode.map": Permission denied

(Background on this error at: https://sqlalche.me/e/20/e3q8)
[2026-02-26 17:50:23] [INFO] [UEBA] - 🛑 서버 종료 신호를 받았습니다. 안전하게 종료합니다.
[2026-02-26 17:50:23] [INFO] [UEBA] - ✅ 모든 백그라운드 태스크 및 DB 연결이 해제되었습니다.
[2026-02-26 17:50:24] [INFO] [UEBA] - ✅ 데이터베이스 엔진 초기화 완료
[2026-02-26 17:50:24] [INFO] [UEBA] - ✅ 데이터베이스 엔진 초기화 완료
[2026-02-26 17:50:24] [INFO] [UEBA] - ==================================================
[2026-02-26 17:50:24] [INFO] [UEBA] - 🚀 차세대 UEBA 백엔드 서버 기동을 시작합니다.
[2026-02-26 17:50:24] [INFO] [UEBA] - ==================================================
[2026-02-26 17:50:24] [ERROR] [UEBA] - ❌ 데이터베이스 연결 실패 (DB 컨테이너가 켜져 있는지 확인하세요): (psycopg2.OperationalError) connection to server at "postgres" (172.18.0.4), port 5432 failed: FATAL:  could not open file "global/pg_filenode.map": Permission denied

(Background on this error at: https://sqlalche.me/e/20/e3q8)
[2026-02-26 17:52:13] [INFO] [UEBA] - 🛑 서버 종료 신호를 받았습니다. 안전하게 종료합니다.
[2026-02-26 17:52:13] [INFO] [UEBA] - ✅ 모든 백그라운드 태스크 및 DB 연결이 해제되었습니다.
[2026-02-26 17:52:45] [INFO] [UEBA] - ✅ 데이터베이스 엔진 초기화 완료
[2026-02-26 17:52:45] [INFO] [UEBA] - ✅ 데이터베이스 엔진 초기화 완료
[2026-02-26 17:52:46] [INFO] [UEBA] - ==================================================
[2026-02-26 17:52:46] [INFO] [UEBA] - 🚀 차세대 UEBA 백엔드 서버 기동을 시작합니다.
[2026-02-26 17:52:46] [INFO] [UEBA] - ==================================================
[2026-02-26 17:52:46] [INFO] [UEBA] - ✅ 데이터베이스 테이블 연동 및 확인 완료
[2026-02-26 17:52:57] [INFO] [UEBA] - Health check API가 호출되었습니다.
[2026-02-26 17:53:01] [INFO] [UEBA] - Health check API가 호출되었습니다.
[2026-02-26 18:08:07] [INFO] [UEBA] - 🛑 서버 종료 신호를 받았습니다. 안전하게 종료합니다.
[2026-02-26 18:08:07] [INFO] [UEBA] - ✅ 모든 백그라운드 태스크 및 DB 연결이 해제되었습니다.
[2026-02-26 18:08:07] [INFO] [UEBA] - ✅ 데이터베이스 엔진 초기화 완료
[2026-02-26 18:08:07] [INFO] [UEBA] - ==================================================
[2026-02-26 18:08:07] [INFO] [UEBA] - 🚀 차세대 UEBA 백엔드 서버 기동을 시작합니다.
[2026-02-26 18:08:07] [INFO] [UEBA] - ==================================================
[2026-02-26 18:08:07] [INFO] [UEBA] - ✅ 데이터베이스 테이블 연동 및 확인 완료
[2026-02-26 18:08:15] [INFO] [UEBA] - 🛑 서버 종료 신호를 받았습니다. 안전하게 종료합니다.
[2026-02-26 18:08:15] [INFO] [UEBA] - ✅ 모든 백그라운드 태스크 및 DB 연결이 해제되었습니다.
[2026-02-26 18:08:15] [INFO] [UEBA] - ✅ 데이터베이스 엔진 초기화 완료
[2026-02-26 18:08:15] [INFO] [UEBA] - ==================================================
[2026-02-26 18:08:15] [INFO] [UEBA] - 🚀 차세대 UEBA 백엔드 서버 기동을 시작합니다.
[2026-02-26 18:08:15] [INFO] [UEBA] - ==================================================
[2026-02-26 18:08:15] [INFO] [UEBA] - ✅ 데이터베이스 테이블 연동 및 확인 완료
